{"synthetic": false,
 "schemaVersion": "2025-09-10",
 "outputs":
 {"o": ["f022fe45913e8873.olean"],
  "i": "cd2b6a0058ab3689.ilean",
  "c": "55869806cdd9ac67.c"},
 "log":
 [{"message":
   ".> LEAN_PATH=/home/michael/Development/Arithmetic-Hodge/.lake/packages/Cli/.lake/build/lib/lean:/home/michael/Development/Arithmetic-Hodge/.lake/packages/batteries/.lake/build/lib/lean:/home/michael/Development/Arithmetic-Hodge/.lake/packages/Qq/.lake/build/lib/lean:/home/michael/Development/Arithmetic-Hodge/.lake/packages/aesop/.lake/build/lib/lean:/home/michael/Development/Arithmetic-Hodge/.lake/packages/proofwidgets/.lake/build/lib/lean:/home/michael/Development/Arithmetic-Hodge/.lake/packages/importGraph/.lake/build/lib/lean:/home/michael/Development/Arithmetic-Hodge/.lake/packages/LeanSearchClient/.lake/build/lib/lean:/home/michael/Development/Arithmetic-Hodge/.lake/packages/plausible/.lake/build/lib/lean:/home/michael/Development/Arithmetic-Hodge/.lake/packages/mathlib/.lake/build/lib/lean:/home/michael/Development/Arithmetic-Hodge/.lake/build/lib/lean /home/michael/.elan/toolchains/leanprover--lean4---v4.29.0-rc8/bin/lean /home/michael/Development/Arithmetic-Hodge/ArithmeticHodge/Adelic/ClassSpace.lean -o /home/michael/Development/Arithmetic-Hodge/.lake/build/lib/lean/ArithmeticHodge/Adelic/ClassSpace.olean -i /home/michael/Development/Arithmetic-Hodge/.lake/build/lib/lean/ArithmeticHodge/Adelic/ClassSpace.ilean -c /home/michael/Development/Arithmetic-Hodge/.lake/build/ir/ArithmeticHodge/Adelic/ClassSpace.c --setup /home/michael/Development/Arithmetic-Hodge/.lake/build/ir/ArithmeticHodge/Adelic/ClassSpace.setup.json --json",
   "level": "trace"}],
 "inputs":
 [["ArithmeticHodge.Adelic.ClassSpace:deps",
   [["deps",
     [["ArithmeticHodge/ArithmeticHodge:extraDep",
       [["@ArithmeticHodge:extraDep", "00000000000006bb"]]],
      ["imports",
       [["Mathlib.NumberTheory.NumberField.AdeleRing transitive imports (legacy)",
         "623e97c36b07499c"],
        ["Mathlib.NumberTheory.NumberField.AdeleRing:importAllArts",
         "1fc267bf9ebd4179"],
        ["Mathlib.MeasureTheory.Measure.Haar.Basic transitive imports (legacy)",
         "a4730cf2af8ec3b7"],
        ["Mathlib.MeasureTheory.Measure.Haar.Basic:importAllArts",
         "0c95c4af1e142834"],
        ["Mathlib.Topology.Algebra.Group.Basic transitive imports (legacy)",
         "10945352e07685d0"],
        ["Mathlib.Topology.Algebra.Group.Basic:importAllArts",
         "11d88c504167b2e4"],
        ["Mathlib.Analysis.SpecialFunctions.Pow.Real transitive imports (legacy)",
         "e2ae89869a67e445"],
        ["Mathlib.Analysis.SpecialFunctions.Pow.Real:importAllArts",
         "9c69afbcb5109c23"],
        ["Mathlib.RingTheory.DedekindDomain.AdicValuation transitive imports (legacy)",
         "b4bbf16fc854d393"],
        ["Mathlib.RingTheory.DedekindDomain.AdicValuation:importAllArts",
         "120971052f5decfe"],
        ["Mathlib.RingTheory.Int.Basic transitive imports (legacy)",
         "6b7a35546ad67371"],
        ["Mathlib.RingTheory.Int.Basic:importAllArts", "eef88e55e17b18f3"],
        ["Mathlib.MeasureTheory.Measure.Haar.MulEquivHaarChar transitive imports (legacy)",
         "4012f5a96c61e8b5"],
        ["Mathlib.MeasureTheory.Measure.Haar.MulEquivHaarChar:importAllArts",
         "ee8e139db0d04040"]]]]],
    ["libs",
     [["import dynlibs", "00000000000006bb"],
      ["package external libraries", "00000000000006bb"],
      ["module dynlibs", "00000000000006bb"],
      ["module plugins", "00000000000006bb"]]]]],
  ["Lean 4.29.0, commit 513160ea59dfd60defec325636bbc5215a8a6e7e",
   "76ce528f9bbd32d8"],
  ["/home/michael/Development/Arithmetic-Hodge/ArithmeticHodge/Adelic/ClassSpace.lean",
   "ce56d07a34c8d6bb"],
  ["options", [["-DautoImplicit=false", "4a85acb881fd49d0"]]],
  ["isModule: false", "feefd2a0d3a1847e"],
  ["Module.name: ArithmeticHodge.Adelic.ClassSpace", "21f02a6d28b3250b"],
  ["Package.id?: (some ArithmeticHodge)", "202b60328afc8567"],
  ["Module.leanArgs: #[]", "00000000000006bb"]],
 "depHash": "19ea606272e638d9"}