{"synthetic": false,
 "schemaVersion": "2025-09-10",
 "outputs":
 {"o": ["a5611eaf7a5e4155.olean"],
  "i": "9a5b9f077739a8a5.ilean",
  "c": "d5fc730d8cc17082.c"},
 "log":
 [{"message":
   ".> LEAN_PATH=/home/michael/Development/Arithmetic-Hodge/.lake/packages/Cli/.lake/build/lib/lean:/home/michael/Development/Arithmetic-Hodge/.lake/packages/batteries/.lake/build/lib/lean:/home/michael/Development/Arithmetic-Hodge/.lake/packages/Qq/.lake/build/lib/lean:/home/michael/Development/Arithmetic-Hodge/.lake/packages/aesop/.lake/build/lib/lean:/home/michael/Development/Arithmetic-Hodge/.lake/packages/proofwidgets/.lake/build/lib/lean:/home/michael/Development/Arithmetic-Hodge/.lake/packages/importGraph/.lake/build/lib/lean:/home/michael/Development/Arithmetic-Hodge/.lake/packages/LeanSearchClient/.lake/build/lib/lean:/home/michael/Development/Arithmetic-Hodge/.lake/packages/plausible/.lake/build/lib/lean:/home/michael/Development/Arithmetic-Hodge/.lake/packages/mathlib/.lake/build/lib/lean:/home/michael/Development/Arithmetic-Hodge/.lake/build/lib/lean /home/michael/.elan/toolchains/leanprover--lean4---v4.29.0-rc8/bin/lean /home/michael/Development/Arithmetic-Hodge/ArithmeticHodge/Adelic/OrbitalIntegrals.lean -o /home/michael/Development/Arithmetic-Hodge/.lake/build/lib/lean/ArithmeticHodge/Adelic/OrbitalIntegrals.olean -i /home/michael/Development/Arithmetic-Hodge/.lake/build/lib/lean/ArithmeticHodge/Adelic/OrbitalIntegrals.ilean -c /home/michael/Development/Arithmetic-Hodge/.lake/build/ir/ArithmeticHodge/Adelic/OrbitalIntegrals.c --setup /home/michael/Development/Arithmetic-Hodge/.lake/build/ir/ArithmeticHodge/Adelic/OrbitalIntegrals.setup.json --json",
   "level": "trace"},
  {"message":
   "ArithmeticHodge/Adelic/OrbitalIntegrals.lean:50:46: unused variable `hp`\n\nNote: This linter can be disabled with `set_option linter.unusedVariables false`",
   "level": "warning"},
  {"message":
   "ArithmeticHodge/Adelic/OrbitalIntegrals.lean:51:13: unused variable `hm`\n\nNote: This linter can be disabled with `set_option linter.unusedVariables false`",
   "level": "warning"},
  {"message":
   "ArithmeticHodge/Adelic/OrbitalIntegrals.lean:62:43: unused variable `h`\n\nNote: This linter can be disabled with `set_option linter.unusedVariables false`",
   "level": "warning"}],
 "inputs":
 [["ArithmeticHodge.Adelic.OrbitalIntegrals:deps",
   [["deps",
     [["ArithmeticHodge/ArithmeticHodge:extraDep",
       [["@ArithmeticHodge:extraDep", "00000000000006bb"]]],
      ["imports",
       [["Mathlib.Analysis.SpecialFunctions.Log.Basic transitive imports (legacy)",
         "c51277eb81e90f7b"],
        ["Mathlib.Analysis.SpecialFunctions.Log.Basic:importAllArts",
         "da84db86ccda1a20"],
        ["Mathlib.Analysis.SpecialFunctions.Pow.Real transitive imports (legacy)",
         "e2ae89869a67e445"],
        ["Mathlib.Analysis.SpecialFunctions.Pow.Real:importAllArts",
         "9c69afbcb5109c23"],
        ["Mathlib.Topology.Algebra.InfiniteSum.Basic transitive imports (legacy)",
         "e9d1706e90d6c696"],
        ["Mathlib.Topology.Algebra.InfiniteSum.Basic:importAllArts",
         "30e9a78cd7be5473"],
        ["Mathlib.MeasureTheory.Integral.Bochner.Basic transitive imports (legacy)",
         "1dd395d03b2fff4e"],
        ["Mathlib.MeasureTheory.Integral.Bochner.Basic:importAllArts",
         "ba96e41fa5856b14"],
        ["Mathlib.Data.Nat.Prime.Basic transitive imports (legacy)",
         "092ebc6bba3da177"],
        ["Mathlib.Data.Nat.Prime.Basic:importAllArts", "4ddb7370c8fe308a"],
        ["ArithmeticHodge.Analysis.WeilDefs transitive imports (legacy)",
         "c0bb3629a579c6f3"],
        ["ArithmeticHodge.Analysis.WeilDefs:importAllArts", "e3242293f5b6bec9"],
        ["ArithmeticHodge.Adelic.ClassSpace transitive imports (legacy)",
         "b593953b54d5ceec"],
        ["ArithmeticHodge.Adelic.ClassSpace:importAllArts", "2b4fe4c8c76a6d4b"],
        ["ArithmeticHodge.Spectral.ResolventComputation transitive imports (legacy)",
         "410b364c9233490f"],
        ["ArithmeticHodge.Spectral.ResolventComputation:importAllArts",
         "6467fdb561ee10f3"],
        ["ArithmeticHodge.Adelic.TateLocalComputation transitive imports (legacy)",
         "9195aa733827feaa"],
        ["ArithmeticHodge.Adelic.TateLocalComputation:importAllArts",
         "21683ab12c3755bb"]]]]],
    ["libs",
     [["import dynlibs", "00000000000006bb"],
      ["package external libraries", "00000000000006bb"],
      ["module dynlibs", "00000000000006bb"],
      ["module plugins", "00000000000006bb"]]]]],
  ["Lean 4.29.0, commit 513160ea59dfd60defec325636bbc5215a8a6e7e",
   "76ce528f9bbd32d8"],
  ["/home/michael/Development/Arithmetic-Hodge/ArithmeticHodge/Adelic/OrbitalIntegrals.lean",
   "4a477d3cd7d55272"],
  ["options", [["-DautoImplicit=false", "4a85acb881fd49d0"]]],
  ["isModule: false", "feefd2a0d3a1847e"],
  ["Module.name: ArithmeticHodge.Adelic.OrbitalIntegrals", "4effda43bd02e486"],
  ["Package.id?: (some ArithmeticHodge)", "202b60328afc8567"],
  ["Module.leanArgs: #[]", "00000000000006bb"]],
 "depHash": "5918a691c8491ff7"}