{"synthetic": false,
 "schemaVersion": "2025-09-10",
 "outputs":
 {"o": ["947974837af5eb19.olean"],
  "i": "72abc538cec31624.ilean",
  "c": "db2d92979f080104.c"},
 "log":
 [{"message":
   ".> LEAN_PATH=/home/michael/Development/Arithmetic-Hodge/.lake/packages/Cli/.lake/build/lib/lean:/home/michael/Development/Arithmetic-Hodge/.lake/packages/batteries/.lake/build/lib/lean:/home/michael/Development/Arithmetic-Hodge/.lake/packages/Qq/.lake/build/lib/lean:/home/michael/Development/Arithmetic-Hodge/.lake/packages/aesop/.lake/build/lib/lean:/home/michael/Development/Arithmetic-Hodge/.lake/packages/proofwidgets/.lake/build/lib/lean:/home/michael/Development/Arithmetic-Hodge/.lake/packages/importGraph/.lake/build/lib/lean:/home/michael/Development/Arithmetic-Hodge/.lake/packages/LeanSearchClient/.lake/build/lib/lean:/home/michael/Development/Arithmetic-Hodge/.lake/packages/plausible/.lake/build/lib/lean:/home/michael/Development/Arithmetic-Hodge/.lake/packages/mathlib/.lake/build/lib/lean:/home/michael/Development/Arithmetic-Hodge/.lake/build/lib/lean /home/michael/.elan/toolchains/leanprover--lean4---v4.29.0-rc8/bin/lean /home/michael/Development/Arithmetic-Hodge/ArithmeticHodge/Adelic/SelbergUnfolding.lean -o /home/michael/Development/Arithmetic-Hodge/.lake/build/lib/lean/ArithmeticHodge/Adelic/SelbergUnfolding.olean -i /home/michael/Development/Arithmetic-Hodge/.lake/build/lib/lean/ArithmeticHodge/Adelic/SelbergUnfolding.ilean -c /home/michael/Development/Arithmetic-Hodge/.lake/build/ir/ArithmeticHodge/Adelic/SelbergUnfolding.c --setup /home/michael/Development/Arithmetic-Hodge/.lake/build/ir/ArithmeticHodge/Adelic/SelbergUnfolding.setup.json --json",
   "level": "trace"},
  {"message":
   "ArithmeticHodge/Adelic/SelbergUnfolding.lean:66:5: unused variable `h`\n\nNote: This linter can be disabled with `set_option linter.unusedVariables false`",
   "level": "warning"},
  {"message":
   "ArithmeticHodge/Adelic/SelbergUnfolding.lean:150:5: unused variable `Γ_elements`\n\nNote: This linter can be disabled with `set_option linter.unusedVariables false`",
   "level": "warning"},
  {"message":
   "ArithmeticHodge/Adelic/SelbergUnfolding.lean:151:17: unused variable `hf_integrable`\n\nNote: This linter can be disabled with `set_option linter.unusedVariables false`",
   "level": "warning"}],
 "inputs":
 [["ArithmeticHodge.Adelic.SelbergUnfolding:deps",
   [["deps",
     [["ArithmeticHodge/ArithmeticHodge:extraDep",
       [["@ArithmeticHodge:extraDep", "00000000000006bb"]]],
      ["imports",
       [["Mathlib.MeasureTheory.Integral.Bochner.Basic transitive imports (legacy)",
         "1dd395d03b2fff4e"],
        ["Mathlib.MeasureTheory.Integral.Bochner.Basic:importAllArts",
         "ba96e41fa5856b14"],
        ["Mathlib.MeasureTheory.Measure.Haar.Basic transitive imports (legacy)",
         "a4730cf2af8ec3b7"],
        ["Mathlib.MeasureTheory.Measure.Haar.Basic:importAllArts",
         "0c95c4af1e142834"],
        ["Mathlib.Topology.Algebra.Group.Basic transitive imports (legacy)",
         "10945352e07685d0"],
        ["Mathlib.Topology.Algebra.Group.Basic:importAllArts",
         "11d88c504167b2e4"],
        ["ArithmeticHodge.Adelic.ClassSpace transitive imports (legacy)",
         "b593953b54d5ceec"],
        ["ArithmeticHodge.Adelic.ClassSpace:importAllArts", "2b4fe4c8c76a6d4b"],
        ["ArithmeticHodge.Analysis.WeilDefs transitive imports (legacy)",
         "c0bb3629a579c6f3"],
        ["ArithmeticHodge.Analysis.WeilDefs:importAllArts",
         "e3242293f5b6bec9"]]]]],
    ["libs",
     [["import dynlibs", "00000000000006bb"],
      ["package external libraries", "00000000000006bb"],
      ["module dynlibs", "00000000000006bb"],
      ["module plugins", "00000000000006bb"]]]]],
  ["Lean 4.29.0, commit 513160ea59dfd60defec325636bbc5215a8a6e7e",
   "76ce528f9bbd32d8"],
  ["/home/michael/Development/Arithmetic-Hodge/ArithmeticHodge/Adelic/SelbergUnfolding.lean",
   "81de0350bc88ba6c"],
  ["options", [["-DautoImplicit=false", "4a85acb881fd49d0"]]],
  ["isModule: false", "feefd2a0d3a1847e"],
  ["Module.name: ArithmeticHodge.Adelic.SelbergUnfolding", "449d4f065004e81c"],
  ["Package.id?: (some ArithmeticHodge)", "202b60328afc8567"],
  ["Module.leanArgs: #[]", "00000000000006bb"]],
 "depHash": "67196aad39b956ad"}