{"synthetic": false,
 "schemaVersion": "2025-09-10",
 "outputs":
 {"o": ["21ac363b340a7752.olean"],
  "i": "cf9bc85af81b791f.ilean",
  "c": "462f8afa9abfaee1.c"},
 "log":
 [{"message":
   ".> LEAN_PATH=/home/michael/Development/Arithmetic-Hodge/.lake/packages/Cli/.lake/build/lib/lean:/home/michael/Development/Arithmetic-Hodge/.lake/packages/batteries/.lake/build/lib/lean:/home/michael/Development/Arithmetic-Hodge/.lake/packages/Qq/.lake/build/lib/lean:/home/michael/Development/Arithmetic-Hodge/.lake/packages/aesop/.lake/build/lib/lean:/home/michael/Development/Arithmetic-Hodge/.lake/packages/proofwidgets/.lake/build/lib/lean:/home/michael/Development/Arithmetic-Hodge/.lake/packages/importGraph/.lake/build/lib/lean:/home/michael/Development/Arithmetic-Hodge/.lake/packages/LeanSearchClient/.lake/build/lib/lean:/home/michael/Development/Arithmetic-Hodge/.lake/packages/plausible/.lake/build/lib/lean:/home/michael/Development/Arithmetic-Hodge/.lake/packages/mathlib/.lake/build/lib/lean:/home/michael/Development/Arithmetic-Hodge/.lake/build/lib/lean /home/michael/.elan/toolchains/leanprover--lean4---v4.29.0-rc8/bin/lean /home/michael/Development/Arithmetic-Hodge/ArithmeticHodge/Adelic/TateLocalComputation.lean -o /home/michael/Development/Arithmetic-Hodge/.lake/build/lib/lean/ArithmeticHodge/Adelic/TateLocalComputation.olean -i /home/michael/Development/Arithmetic-Hodge/.lake/build/lib/lean/ArithmeticHodge/Adelic/TateLocalComputation.ilean -c /home/michael/Development/Arithmetic-Hodge/.lake/build/ir/ArithmeticHodge/Adelic/TateLocalComputation.c --setup /home/michael/Development/Arithmetic-Hodge/.lake/build/ir/ArithmeticHodge/Adelic/TateLocalComputation.setup.json --json",
   "level": "trace"},
  {"message":
   "ArithmeticHodge/Adelic/TateLocalComputation.lean:61:5: unused variable `hcont`\n\nNote: This linter can be disabled with `set_option linter.unusedVariables false`",
   "level": "warning"},
  {"message":
   "ArithmeticHodge/Adelic/TateLocalComputation.lean:61:28: unused variable `hdecay`\n\nNote: This linter can be disabled with `set_option linter.unusedVariables false`",
   "level": "warning"},
  {"message":
   "ArithmeticHodge/Adelic/TateLocalComputation.lean:102:17: unused variable `hcont`\n\nNote: This linter can be disabled with `set_option linter.unusedVariables false`",
   "level": "warning"},
  {"message":
   "ArithmeticHodge/Adelic/TateLocalComputation.lean:103:5: unused variable `hdecay`\n\nNote: This linter can be disabled with `set_option linter.unusedVariables false`",
   "level": "warning"},
  {"message":
   "ArithmeticHodge/Adelic/TateLocalComputation.lean:127:35: unused variable `hp`\n\nNote: This linter can be disabled with `set_option linter.unusedVariables false`",
   "level": "warning"},
  {"message":
   "ArithmeticHodge/Adelic/TateLocalComputation.lean:128:13: unused variable `hm`\n\nNote: This linter can be disabled with `set_option linter.unusedVariables false`",
   "level": "warning"},
  {"message":
   "ArithmeticHodge/Adelic/TateLocalComputation.lean:142:13: unused variable `hp`\n\nNote: This linter can be disabled with `set_option linter.unusedVariables false`",
   "level": "warning"},
  {"message":
   "ArithmeticHodge/Adelic/TateLocalComputation.lean:143:13: unused variable `hm`\n\nNote: This linter can be disabled with `set_option linter.unusedVariables false`",
   "level": "warning"},
  {"message":
   "ArithmeticHodge/Adelic/TateLocalComputation.lean:144:17: unused variable `hcont`\n\nNote: This linter can be disabled with `set_option linter.unusedVariables false`",
   "level": "warning"},
  {"message":
   "ArithmeticHodge/Adelic/TateLocalComputation.lean:145:5: unused variable `hdecay`\n\nNote: This linter can be disabled with `set_option linter.unusedVariables false`",
   "level": "warning"},
  {"message":
   "ArithmeticHodge/Adelic/TateLocalComputation.lean:162:8: declaration uses `sorry`",
   "level": "warning"}],
 "inputs":
 [["ArithmeticHodge.Adelic.TateLocalComputation:deps",
   [["deps",
     [["ArithmeticHodge/ArithmeticHodge:extraDep",
       [["@ArithmeticHodge:extraDep", "00000000000006bb"]]],
      ["imports",
       [["Mathlib.Analysis.SpecialFunctions.Log.Basic transitive imports (legacy)",
         "c51277eb81e90f7b"],
        ["Mathlib.Analysis.SpecialFunctions.Log.Basic:importAllArts",
         "da84db86ccda1a20"],
        ["Mathlib.Analysis.SpecialFunctions.Pow.Real transitive imports (legacy)",
         "e2ae89869a67e445"],
        ["Mathlib.Analysis.SpecialFunctions.Pow.Real:importAllArts",
         "9c69afbcb5109c23"],
        ["Mathlib.Analysis.SpecialFunctions.Gamma.Basic transitive imports (legacy)",
         "4e5ae5e590f4cea8"],
        ["Mathlib.Analysis.SpecialFunctions.Gamma.Basic:importAllArts",
         "21e9b2e227a729e4"],
        ["Mathlib.Topology.Algebra.InfiniteSum.Basic transitive imports (legacy)",
         "e9d1706e90d6c696"],
        ["Mathlib.Topology.Algebra.InfiniteSum.Basic:importAllArts",
         "30e9a78cd7be5473"],
        ["Mathlib.Topology.Algebra.InfiniteSum.Order transitive imports (legacy)",
         "a8fda6c201149c55"],
        ["Mathlib.Topology.Algebra.InfiniteSum.Order:importAllArts",
         "ea0fb34da4b3c441"],
        ["Mathlib.Data.Nat.Prime.Basic transitive imports (legacy)",
         "092ebc6bba3da177"],
        ["Mathlib.Data.Nat.Prime.Basic:importAllArts", "4ddb7370c8fe308a"],
        ["ArithmeticHodge.Adelic.SelbergUnfolding transitive imports (legacy)",
         "2935d97eaa2a2963"],
        ["ArithmeticHodge.Adelic.SelbergUnfolding:importAllArts",
         "bcefaa7c3551860a"]]]]],
    ["libs",
     [["import dynlibs", "00000000000006bb"],
      ["package external libraries", "00000000000006bb"],
      ["module dynlibs", "00000000000006bb"],
      ["module plugins", "00000000000006bb"]]]]],
  ["Lean 4.29.0, commit 513160ea59dfd60defec325636bbc5215a8a6e7e",
   "76ce528f9bbd32d8"],
  ["/home/michael/Development/Arithmetic-Hodge/ArithmeticHodge/Adelic/TateLocalComputation.lean",
   "db7464c03cb9b641"],
  ["options", [["-DautoImplicit=false", "4a85acb881fd49d0"]]],
  ["isModule: false", "feefd2a0d3a1847e"],
  ["Module.name: ArithmeticHodge.Adelic.TateLocalComputation",
   "06060dad9905e7b2"],
  ["Package.id?: (some ArithmeticHodge)", "202b60328afc8567"],
  ["Module.leanArgs: #[]", "00000000000006bb"]],
 "depHash": "2fe7095d5475a95e"}