{"synthetic": false,
 "schemaVersion": "2025-09-10",
 "outputs":
 {"o": ["93555c525d257a8c.olean"],
  "i": "3898448c64eb3712.ilean",
  "c": "484742f939f8c585.c"},
 "log":
 [{"message":
   ".> LEAN_PATH=/home/michael/Development/Arithmetic-Hodge/.lake/packages/Cli/.lake/build/lib/lean:/home/michael/Development/Arithmetic-Hodge/.lake/packages/batteries/.lake/build/lib/lean:/home/michael/Development/Arithmetic-Hodge/.lake/packages/Qq/.lake/build/lib/lean:/home/michael/Development/Arithmetic-Hodge/.lake/packages/aesop/.lake/build/lib/lean:/home/michael/Development/Arithmetic-Hodge/.lake/packages/proofwidgets/.lake/build/lib/lean:/home/michael/Development/Arithmetic-Hodge/.lake/packages/importGraph/.lake/build/lib/lean:/home/michael/Development/Arithmetic-Hodge/.lake/packages/LeanSearchClient/.lake/build/lib/lean:/home/michael/Development/Arithmetic-Hodge/.lake/packages/plausible/.lake/build/lib/lean:/home/michael/Development/Arithmetic-Hodge/.lake/packages/mathlib/.lake/build/lib/lean:/home/michael/Development/Arithmetic-Hodge/.lake/build/lib/lean /home/michael/.elan/toolchains/leanprover--lean4---v4.29.0-rc8/bin/lean /home/michael/Development/Arithmetic-Hodge/ArithmeticHodge/Strategy/DetailedBalance.lean -o /home/michael/Development/Arithmetic-Hodge/.lake/build/lib/lean/ArithmeticHodge/Strategy/DetailedBalance.olean -i /home/michael/Development/Arithmetic-Hodge/.lake/build/lib/lean/ArithmeticHodge/Strategy/DetailedBalance.ilean -c /home/michael/Development/Arithmetic-Hodge/.lake/build/ir/ArithmeticHodge/Strategy/DetailedBalance.c --setup /home/michael/Development/Arithmetic-Hodge/.lake/build/ir/ArithmeticHodge/Strategy/DetailedBalance.setup.json --json",
   "level": "trace"},
  {"message":
   "ArithmeticHodge/Strategy/DetailedBalance.lean:107:19: unused variable `hf`\n\nNote: This linter can be disabled with `set_option linter.unusedVariables false`",
   "level": "warning"},
  {"message":
   "ArithmeticHodge/Strategy/DetailedBalance.lean:155:60: unused variable `t`\n\nNote: This linter can be disabled with `set_option linter.unusedVariables false`",
   "level": "warning"},
  {"message":
   "ArithmeticHodge/Strategy/DetailedBalance.lean:167:46: unused variable `hΛ`\n\nNote: This linter can be disabled with `set_option linter.unusedVariables false`",
   "level": "warning"},
  {"message":
   "ArithmeticHodge/Strategy/DetailedBalance.lean:191:60: unused variable `hΛ`\n\nNote: This linter can be disabled with `set_option linter.unusedVariables false`",
   "level": "warning"},
  {"message":
   "ArithmeticHodge/Strategy/DetailedBalance.lean:192:17: unused variable `hf`\n\nNote: This linter can be disabled with `set_option linter.unusedVariables false`",
   "level": "warning"}],
 "inputs":
 [["ArithmeticHodge.Strategy.DetailedBalance:deps",
   [["deps",
     [["ArithmeticHodge/ArithmeticHodge:extraDep",
       [["@ArithmeticHodge:extraDep", "00000000000006bb"]]],
      ["imports",
       [["ArithmeticHodge.Analysis.WeilPositivity transitive imports (legacy)",
         "2eb2f116f16dfa84"],
        ["ArithmeticHodge.Analysis.WeilPositivity:importAllArts",
         "2b2a6ebf43c1d191"],
        ["ArithmeticHodge.Adelic.ClassSpace transitive imports (legacy)",
         "b593953b54d5ceec"],
        ["ArithmeticHodge.Adelic.ClassSpace:importAllArts", "2b4fe4c8c76a6d4b"],
        ["ArithmeticHodge.Spectral.SelfAdjointness transitive imports (legacy)",
         "dccfd332408561a0"],
        ["ArithmeticHodge.Spectral.SelfAdjointness:importAllArts",
         "a69e160dd33e0481"],
        ["Mathlib.NumberTheory.LSeries.RiemannZeta transitive imports (legacy)",
         "67c9074ffd0487d2"],
        ["Mathlib.NumberTheory.LSeries.RiemannZeta:importAllArts",
         "e884e1accdccd489"]]]]],
    ["libs",
     [["import dynlibs", "00000000000006bb"],
      ["package external libraries", "00000000000006bb"],
      ["module dynlibs", "00000000000006bb"],
      ["module plugins", "00000000000006bb"]]]]],
  ["Lean 4.29.0, commit 513160ea59dfd60defec325636bbc5215a8a6e7e",
   "76ce528f9bbd32d8"],
  ["/home/michael/Development/Arithmetic-Hodge/ArithmeticHodge/Strategy/DetailedBalance.lean",
   "d3d523f547f663a7"],
  ["options", [["-DautoImplicit=false", "4a85acb881fd49d0"]]],
  ["isModule: false", "feefd2a0d3a1847e"],
  ["Module.name: ArithmeticHodge.Strategy.DetailedBalance", "0865f6f7e39a6eef"],
  ["Package.id?: (some ArithmeticHodge)", "202b60328afc8567"],
  ["Module.leanArgs: #[]", "00000000000006bb"]],
 "depHash": "54fdf6a8660138fc"}