{"synthetic": false,
 "schemaVersion": "2025-09-10",
 "outputs":
 {"o": ["a95a5b347921c0a7.olean"],
  "i": "13e526c67c100f20.ilean",
  "c": "82997d340d520b10.c"},
 "log":
 [{"message":
   ".> LEAN_PATH=/home/michael/Development/Arithmetic-Hodge/.lake/packages/Cli/.lake/build/lib/lean:/home/michael/Development/Arithmetic-Hodge/.lake/packages/batteries/.lake/build/lib/lean:/home/michael/Development/Arithmetic-Hodge/.lake/packages/Qq/.lake/build/lib/lean:/home/michael/Development/Arithmetic-Hodge/.lake/packages/aesop/.lake/build/lib/lean:/home/michael/Development/Arithmetic-Hodge/.lake/packages/proofwidgets/.lake/build/lib/lean:/home/michael/Development/Arithmetic-Hodge/.lake/packages/importGraph/.lake/build/lib/lean:/home/michael/Development/Arithmetic-Hodge/.lake/packages/LeanSearchClient/.lake/build/lib/lean:/home/michael/Development/Arithmetic-Hodge/.lake/packages/plausible/.lake/build/lib/lean:/home/michael/Development/Arithmetic-Hodge/.lake/packages/mathlib/.lake/build/lib/lean:/home/michael/Development/Arithmetic-Hodge/.lake/build/lib/lean /home/michael/.elan/toolchains/leanprover--lean4---v4.29.0-rc8/bin/lean /home/michael/Development/Arithmetic-Hodge/ArithmeticHodge.lean -o /home/michael/Development/Arithmetic-Hodge/.lake/build/lib/lean/ArithmeticHodge.olean -i /home/michael/Development/Arithmetic-Hodge/.lake/build/lib/lean/ArithmeticHodge.ilean -c /home/michael/Development/Arithmetic-Hodge/.lake/build/ir/ArithmeticHodge.c --setup /home/michael/Development/Arithmetic-Hodge/.lake/build/ir/ArithmeticHodge.setup.json --json",
   "level": "trace"}],
 "inputs":
 [["ArithmeticHodge:deps",
   [["deps",
     [["ArithmeticHodge/ArithmeticHodge:extraDep",
       [["@ArithmeticHodge:extraDep", "00000000000006bb"]]],
      ["imports",
       [["ArithmeticHodge.Algebra.DistributiveCoupling transitive imports (legacy)",
         "72803d5a85c7bebd"],
        ["ArithmeticHodge.Algebra.DistributiveCoupling:importAllArts",
         "7ddfa1069bbb20c8"],
        ["ArithmeticHodge.Analysis.PoissonSummation transitive imports (legacy)",
         "6c5da4f479ee328c"],
        ["ArithmeticHodge.Analysis.PoissonSummation:importAllArts",
         "c977994c11e04be2"],
        ["ArithmeticHodge.Analysis.ThetaFunction transitive imports (legacy)",
         "b67c02e6fbfcc4ee"],
        ["ArithmeticHodge.Analysis.ThetaFunction:importAllArts",
         "e4e18f957de2f92d"],
        ["ArithmeticHodge.Analysis.ZetaFunctionalEquation transitive imports (legacy)",
         "e6529ae83ae04b8f"],
        ["ArithmeticHodge.Analysis.ZetaFunctionalEquation:importAllArts",
         "dc81b23dfb447ecf"],
        ["ArithmeticHodge.Analysis.WeilDefs transitive imports (legacy)",
         "c0bb3629a579c6f3"],
        ["ArithmeticHodge.Analysis.WeilDefs:importAllArts", "e3242293f5b6bec9"],
        ["ArithmeticHodge.Analysis.EntireFunction.WeierstraßProduct transitive imports (legacy)",
         "81b4c8a34787315a"],
        ["ArithmeticHodge.Analysis.EntireFunction.WeierstraßProduct:importAllArts",
         "05fef91dc28ab7a3"],
        ["ArithmeticHodge.Analysis.EntireFunction.Order transitive imports (legacy)",
         "7b65b8433415d885"],
        ["ArithmeticHodge.Analysis.EntireFunction.Order:importAllArts",
         "39f7e7152b355255"],
        ["ArithmeticHodge.Analysis.EntireFunction.Hadamard transitive imports (legacy)",
         "cd7c1e72313b06d0"],
        ["ArithmeticHodge.Analysis.EntireFunction.Hadamard:importAllArts",
         "17940c84a453cfbe"],
        ["ArithmeticHodge.Analysis.ZetaProduct transitive imports (legacy)",
         "4d6c8e5a3d0905e8"],
        ["ArithmeticHodge.Analysis.ZetaProduct:importAllArts",
         "ff8a77defb71c144"],
        ["ArithmeticHodge.Analysis.WeilExplicit transitive imports (legacy)",
         "f4b6e01e9fb1472e"],
        ["ArithmeticHodge.Analysis.WeilExplicit:importAllArts",
         "693f37d07ede07b6"],
        ["ArithmeticHodge.Analysis.FourierTransform transitive imports (legacy)",
         "217291c5d94dc2c9"],
        ["ArithmeticHodge.Analysis.FourierTransform:importAllArts",
         "6882a26e2575a6c2"],
        ["ArithmeticHodge.Analysis.WeilPositivity transitive imports (legacy)",
         "2eb2f116f16dfa84"],
        ["ArithmeticHodge.Analysis.WeilPositivity:importAllArts",
         "2b2a6ebf43c1d191"],
        ["ArithmeticHodge.Adelic.ClassSpace transitive imports (legacy)",
         "b593953b54d5ceec"],
        ["ArithmeticHodge.Adelic.ClassSpace:importAllArts", "2b4fe4c8c76a6d4b"],
        ["ArithmeticHodge.Adelic.SelbergUnfolding transitive imports (legacy)",
         "2935d97eaa2a2963"],
        ["ArithmeticHodge.Adelic.SelbergUnfolding:importAllArts",
         "bcefaa7c3551860a"],
        ["ArithmeticHodge.Adelic.TateLocalComputation transitive imports (legacy)",
         "9195aa733827feaa"],
        ["ArithmeticHodge.Adelic.TateLocalComputation:importAllArts",
         "21683ab12c3755bb"],
        ["ArithmeticHodge.Spectral.UnboundedOperator transitive imports (legacy)",
         "002dd8104647be0f"],
        ["ArithmeticHodge.Spectral.UnboundedOperator:importAllArts",
         "6bafebefc80e7c38"],
        ["ArithmeticHodge.Spectral.SelfAdjointness transitive imports (legacy)",
         "dccfd332408561a0"],
        ["ArithmeticHodge.Spectral.SelfAdjointness:importAllArts",
         "a69e160dd33e0481"],
        ["ArithmeticHodge.Spectral.SpectralPositivity transitive imports (legacy)",
         "afd22a4e521e6ac2"],
        ["ArithmeticHodge.Spectral.SpectralPositivity:importAllArts",
         "34c8046c5e5859a2"],
        ["ArithmeticHodge.Spectral.ResolventComputation transitive imports (legacy)",
         "410b364c9233490f"],
        ["ArithmeticHodge.Spectral.ResolventComputation:importAllArts",
         "6467fdb561ee10f3"],
        ["ArithmeticHodge.Spectral.TraceFormula transitive imports (legacy)",
         "34f5803a42696037"],
        ["ArithmeticHodge.Spectral.TraceFormula:importAllArts",
         "aff797cba8df00ff"],
        ["ArithmeticHodge.Adelic.OrbitalIntegrals transitive imports (legacy)",
         "72a30655db724ed0"],
        ["ArithmeticHodge.Adelic.OrbitalIntegrals:importAllArts",
         "a296d99309b651fe"],
        ["ArithmeticHodge.Arithmetic.HodgeIndex transitive imports (legacy)",
         "672254cc374e26ad"],
        ["ArithmeticHodge.Arithmetic.HodgeIndex:importAllArts",
         "8dd37f5db506aa74"],
        ["ArithmeticHodge.Strategy.DetailedBalance transitive imports (legacy)",
         "1c9aeb7fb2ea85a3"],
        ["ArithmeticHodge.Strategy.DetailedBalance:importAllArts",
         "e8d546a0a09055ab"]]]]],
    ["libs",
     [["import dynlibs", "00000000000006bb"],
      ["package external libraries", "00000000000006bb"],
      ["module dynlibs", "00000000000006bb"],
      ["module plugins", "00000000000006bb"]]]]],
  ["Lean 4.29.0, commit 513160ea59dfd60defec325636bbc5215a8a6e7e",
   "76ce528f9bbd32d8"],
  ["/home/michael/Development/Arithmetic-Hodge/ArithmeticHodge.lean",
   "234e33abd59b8bfb"],
  ["options", [["-DautoImplicit=false", "4a85acb881fd49d0"]]],
  ["isModule: false", "feefd2a0d3a1847e"],
  ["Module.name: ArithmeticHodge", "1aa09a889ae1a4f7"],
  ["Package.id?: (some ArithmeticHodge)", "202b60328afc8567"],
  ["Module.leanArgs: #[]", "00000000000006bb"]],
 "depHash": "1da2fcc732f326e2"}