{"synthetic": false,
 "schemaVersion": "2025-09-10",
 "outputs":
 {"o": ["d8c9c501ed8c39aa.olean"],
  "i": "909f1745de14b9ce.ilean",
  "c": "a5d9e571f4721b78.c"},
 "log":
 [{"message":
   ".> LEAN_PATH=/home/michael/Development/Arithmetic-Hodge/.lake/packages/Cli/.lake/build/lib/lean:/home/michael/Development/Arithmetic-Hodge/.lake/packages/batteries/.lake/build/lib/lean:/home/michael/Development/Arithmetic-Hodge/.lake/packages/Qq/.lake/build/lib/lean:/home/michael/Development/Arithmetic-Hodge/.lake/packages/aesop/.lake/build/lib/lean:/home/michael/Development/Arithmetic-Hodge/.lake/packages/proofwidgets/.lake/build/lib/lean:/home/michael/Development/Arithmetic-Hodge/.lake/packages/importGraph/.lake/build/lib/lean:/home/michael/Development/Arithmetic-Hodge/.lake/packages/LeanSearchClient/.lake/build/lib/lean:/home/michael/Development/Arithmetic-Hodge/.lake/packages/plausible/.lake/build/lib/lean:/home/michael/Development/Arithmetic-Hodge/.lake/packages/mathlib/.lake/build/lib/lean:/home/michael/Development/Arithmetic-Hodge/.lake/build/lib/lean /home/michael/.elan/toolchains/leanprover--lean4---v4.29.0-rc8/bin/lean /home/michael/Development/Arithmetic-Hodge/ArithmeticHodge/Analysis/EntireFunction/Hadamard.lean -o /home/michael/Development/Arithmetic-Hodge/.lake/build/lib/lean/ArithmeticHodge/Analysis/EntireFunction/Hadamard.olean -i /home/michael/Development/Arithmetic-Hodge/.lake/build/lib/lean/ArithmeticHodge/Analysis/EntireFunction/Hadamard.ilean -c /home/michael/Development/Arithmetic-Hodge/.lake/build/ir/ArithmeticHodge/Analysis/EntireFunction/Hadamard.c --setup /home/michael/Development/Arithmetic-Hodge/.lake/build/ir/ArithmeticHodge/Analysis/EntireFunction/Hadamard.setup.json --json",
   "level": "trace"},
  {"message":
   "ArithmeticHodge/Analysis/EntireFunction/Hadamard.lean:52:8: declaration uses `sorry`",
   "level": "warning"},
  {"message":
   "ArithmeticHodge/Analysis/EntireFunction/Hadamard.lean:69:8: declaration uses `sorry`",
   "level": "warning"},
  {"message":
   "ArithmeticHodge/Analysis/EntireFunction/Hadamard.lean:317:28: unused variable `hr`\n\nNote: This linter can be disabled with `set_option linter.unusedVariables false`",
   "level": "warning"}],
 "inputs":
 [["ArithmeticHodge.Analysis.EntireFunction.Hadamard:deps",
   [["deps",
     [["ArithmeticHodge/ArithmeticHodge:extraDep",
       [["@ArithmeticHodge:extraDep", "00000000000006bb"]]],
      ["imports",
       [["ArithmeticHodge.Analysis.EntireFunction.WeierstraßProduct transitive imports (legacy)",
         "81b4c8a34787315a"],
        ["ArithmeticHodge.Analysis.EntireFunction.WeierstraßProduct:importAllArts",
         "05fef91dc28ab7a3"],
        ["ArithmeticHodge.Analysis.EntireFunction.Order transitive imports (legacy)",
         "7b65b8433415d885"],
        ["ArithmeticHodge.Analysis.EntireFunction.Order:importAllArts",
         "39f7e7152b355255"],
        ["Mathlib.Analysis.Complex.BorelCaratheodory transitive imports (legacy)",
         "62d4eb277cc45339"],
        ["Mathlib.Analysis.Complex.BorelCaratheodory:importAllArts",
         "1e966c611c28ba29"],
        ["Mathlib.Analysis.Complex.AbsMax transitive imports (legacy)",
         "f5ebdfe98706c8b0"],
        ["Mathlib.Analysis.Complex.AbsMax:importAllArts", "7f5a4c06aeefa16d"],
        ["Mathlib.Analysis.Calculus.LogDerivUniformlyOn transitive imports (legacy)",
         "d9fc7947fa690f92"],
        ["Mathlib.Analysis.Calculus.LogDerivUniformlyOn:importAllArts",
         "0bf236ede87a65c7"]]]]],
    ["libs",
     [["import dynlibs", "00000000000006bb"],
      ["package external libraries", "00000000000006bb"],
      ["module dynlibs", "00000000000006bb"],
      ["module plugins", "00000000000006bb"]]]]],
  ["Lean 4.29.0, commit 513160ea59dfd60defec325636bbc5215a8a6e7e",
   "76ce528f9bbd32d8"],
  ["/home/michael/Development/Arithmetic-Hodge/ArithmeticHodge/Analysis/EntireFunction/Hadamard.lean",
   "4e5477b373c04987"],
  ["options", [["-DautoImplicit=false", "4a85acb881fd49d0"]]],
  ["isModule: false", "feefd2a0d3a1847e"],
  ["Module.name: ArithmeticHodge.Analysis.EntireFunction.Hadamard",
   "d6cf69c3641f0d53"],
  ["Package.id?: (some ArithmeticHodge)", "202b60328afc8567"],
  ["Module.leanArgs: #[]", "00000000000006bb"]],
 "depHash": "a238845c0d1b1a3b"}