{"synthetic": false,
 "schemaVersion": "2025-09-10",
 "outputs":
 {"o": ["9764b54547777281.olean"],
  "i": "9ffd0401eeb393fd.ilean",
  "c": "8979910ef123cec5.c"},
 "log":
 [{"message":
   ".> LEAN_PATH=/home/michael/Development/Arithmetic-Hodge/.lake/packages/Cli/.lake/build/lib/lean:/home/michael/Development/Arithmetic-Hodge/.lake/packages/batteries/.lake/build/lib/lean:/home/michael/Development/Arithmetic-Hodge/.lake/packages/Qq/.lake/build/lib/lean:/home/michael/Development/Arithmetic-Hodge/.lake/packages/aesop/.lake/build/lib/lean:/home/michael/Development/Arithmetic-Hodge/.lake/packages/proofwidgets/.lake/build/lib/lean:/home/michael/Development/Arithmetic-Hodge/.lake/packages/importGraph/.lake/build/lib/lean:/home/michael/Development/Arithmetic-Hodge/.lake/packages/LeanSearchClient/.lake/build/lib/lean:/home/michael/Development/Arithmetic-Hodge/.lake/packages/plausible/.lake/build/lib/lean:/home/michael/Development/Arithmetic-Hodge/.lake/packages/mathlib/.lake/build/lib/lean:/home/michael/Development/Arithmetic-Hodge/.lake/build/lib/lean /home/michael/.elan/toolchains/leanprover--lean4---v4.29.0-rc8/bin/lean /home/michael/Development/Arithmetic-Hodge/ArithmeticHodge/Analysis/EntireFunction/Order.lean -o /home/michael/Development/Arithmetic-Hodge/.lake/build/lib/lean/ArithmeticHodge/Analysis/EntireFunction/Order.olean -i /home/michael/Development/Arithmetic-Hodge/.lake/build/lib/lean/ArithmeticHodge/Analysis/EntireFunction/Order.ilean -c /home/michael/Development/Arithmetic-Hodge/.lake/build/ir/ArithmeticHodge/Analysis/EntireFunction/Order.c --setup /home/michael/Development/Arithmetic-Hodge/.lake/build/ir/ArithmeticHodge/Analysis/EntireFunction/Order.setup.json --json",
   "level": "trace"},
  {"message":
   "ArithmeticHodge/Analysis/EntireFunction/Order.lean:229:8: declaration uses `sorry`",
   "level": "warning"},
  {"message":
   "ArithmeticHodge/Analysis/EntireFunction/Order.lean:243:26: unused variable `hσ`\n\nNote: This linter can be disabled with `set_option linter.unusedVariables false`",
   "level": "warning"},
  {"message":
   "ArithmeticHodge/Analysis/EntireFunction/Order.lean:243:47: unused variable `hs`\n\nNote: This linter can be disabled with `set_option linter.unusedVariables false`",
   "level": "warning"},
  {"message":
   "ArithmeticHodge/Analysis/EntireFunction/Order.lean:249:8: declaration uses `sorry`",
   "level": "warning"},
  {"message":
   "ArithmeticHodge/Analysis/EntireFunction/Order.lean:268:8: declaration uses `sorry`",
   "level": "warning"},
  {"message":
   "ArithmeticHodge/Analysis/EntireFunction/Order.lean:274:8: declaration uses `sorry`",
   "level": "warning"},
  {"message":
   "ArithmeticHodge/Analysis/EntireFunction/Order.lean:291:8: declaration uses `sorry`",
   "level": "warning"},
  {"message":
   "ArithmeticHodge/Analysis/EntireFunction/Order.lean:301:37: unused variable `ht`\n\nNote: This linter can be disabled with `set_option linter.unusedVariables false`",
   "level": "warning"}],
 "inputs":
 [["ArithmeticHodge.Analysis.EntireFunction.Order:deps",
   [["deps",
     [["ArithmeticHodge/ArithmeticHodge:extraDep",
       [["@ArithmeticHodge:extraDep", "00000000000006bb"]]],
      ["imports",
       [["Mathlib.Analysis.SpecialFunctions.Complex.Log transitive imports (legacy)",
         "47900fd55e787133"],
        ["Mathlib.Analysis.SpecialFunctions.Complex.Log:importAllArts",
         "4fb7ff5330e82c93"],
        ["Mathlib.Analysis.Complex.JensenFormula transitive imports (legacy)",
         "bba3543f42810b11"],
        ["Mathlib.Analysis.Complex.JensenFormula:importAllArts",
         "11c140322f3ba62b"],
        ["Mathlib.Analysis.Complex.ValueDistribution.LogCounting.Basic transitive imports (legacy)",
         "5ef71040fdaf9813"],
        ["Mathlib.Analysis.Complex.ValueDistribution.LogCounting.Basic:importAllArts",
         "fc8652a6a4d032d2"],
        ["Mathlib.Analysis.Meromorphic.Order transitive imports (legacy)",
         "e4165392f7631d01"],
        ["Mathlib.Analysis.Meromorphic.Order:importAllArts",
         "52ba4ecd259a9278"],
        ["Mathlib.Analysis.Meromorphic.TrailingCoefficient transitive imports (legacy)",
         "7cec5af9a5ec214e"],
        ["Mathlib.Analysis.Meromorphic.TrailingCoefficient:importAllArts",
         "da91be8ee4272f23"],
        ["Mathlib.Analysis.Analytic.IsolatedZeros transitive imports (legacy)",
         "733aa0ec2da9a88b"],
        ["Mathlib.Analysis.Analytic.IsolatedZeros:importAllArts",
         "7ab3e7d9621d8804"],
        ["Mathlib.Topology.Algebra.InfiniteSum.Basic transitive imports (legacy)",
         "e9d1706e90d6c696"],
        ["Mathlib.Topology.Algebra.InfiniteSum.Basic:importAllArts",
         "30e9a78cd7be5473"],
        ["Mathlib.NumberTheory.LSeries.RiemannZeta transitive imports (legacy)",
         "67c9074ffd0487d2"],
        ["Mathlib.NumberTheory.LSeries.RiemannZeta:importAllArts",
         "e884e1accdccd489"],
        ["Mathlib.NumberTheory.LSeries.Nonvanishing transitive imports (legacy)",
         "8a1e4eb75283f5a7"],
        ["Mathlib.NumberTheory.LSeries.Nonvanishing:importAllArts",
         "55edb1f009f164e8"],
        ["Mathlib.Analysis.SpecialFunctions.Log.Basic transitive imports (legacy)",
         "c51277eb81e90f7b"],
        ["Mathlib.Analysis.SpecialFunctions.Log.Basic:importAllArts",
         "da84db86ccda1a20"],
        ["Mathlib.Analysis.SpecialFunctions.Pow.Real transitive imports (legacy)",
         "e2ae89869a67e445"],
        ["Mathlib.Analysis.SpecialFunctions.Pow.Real:importAllArts",
         "9c69afbcb5109c23"],
        ["Mathlib.Order.Filter.Basic transitive imports (legacy)",
         "65096eb4fe110ba8"],
        ["Mathlib.Order.Filter.Basic:importAllArts", "2075e90b76ae5a46"]]]]],
    ["libs",
     [["import dynlibs", "00000000000006bb"],
      ["package external libraries", "00000000000006bb"],
      ["module dynlibs", "00000000000006bb"],
      ["module plugins", "00000000000006bb"]]]]],
  ["Lean 4.29.0, commit 513160ea59dfd60defec325636bbc5215a8a6e7e",
   "76ce528f9bbd32d8"],
  ["/home/michael/Development/Arithmetic-Hodge/ArithmeticHodge/Analysis/EntireFunction/Order.lean",
   "e8c82c49be7f28f6"],
  ["options", [["-DautoImplicit=false", "4a85acb881fd49d0"]]],
  ["isModule: false", "feefd2a0d3a1847e"],
  ["Module.name: ArithmeticHodge.Analysis.EntireFunction.Order",
   "7b39c4d313e15320"],
  ["Package.id?: (some ArithmeticHodge)", "202b60328afc8567"],
  ["Module.leanArgs: #[]", "00000000000006bb"]],
 "depHash": "f796f877e3727ad9"}