{"synthetic": false,
 "schemaVersion": "2025-09-10",
 "outputs":
 {"o": ["f238ced4e3aa21be.olean"],
  "i": "f51e3c2bc4c5bb5d.ilean",
  "c": "cce0d26894d96dba.c"},
 "log":
 [{"message":
   ".> LEAN_PATH=/home/michael/Development/Arithmetic-Hodge/.lake/packages/Cli/.lake/build/lib/lean:/home/michael/Development/Arithmetic-Hodge/.lake/packages/batteries/.lake/build/lib/lean:/home/michael/Development/Arithmetic-Hodge/.lake/packages/Qq/.lake/build/lib/lean:/home/michael/Development/Arithmetic-Hodge/.lake/packages/aesop/.lake/build/lib/lean:/home/michael/Development/Arithmetic-Hodge/.lake/packages/proofwidgets/.lake/build/lib/lean:/home/michael/Development/Arithmetic-Hodge/.lake/packages/importGraph/.lake/build/lib/lean:/home/michael/Development/Arithmetic-Hodge/.lake/packages/LeanSearchClient/.lake/build/lib/lean:/home/michael/Development/Arithmetic-Hodge/.lake/packages/plausible/.lake/build/lib/lean:/home/michael/Development/Arithmetic-Hodge/.lake/packages/mathlib/.lake/build/lib/lean:/home/michael/Development/Arithmetic-Hodge/.lake/build/lib/lean /home/michael/.elan/toolchains/leanprover--lean4---v4.29.0-rc8/bin/lean /home/michael/Development/Arithmetic-Hodge/ArithmeticHodge/Analysis/EntireFunction/WeierstraßProduct.lean -o /home/michael/Development/Arithmetic-Hodge/.lake/build/lib/lean/ArithmeticHodge/Analysis/EntireFunction/WeierstraßProduct.olean -i /home/michael/Development/Arithmetic-Hodge/.lake/build/lib/lean/ArithmeticHodge/Analysis/EntireFunction/WeierstraßProduct.ilean -c /home/michael/Development/Arithmetic-Hodge/.lake/build/ir/ArithmeticHodge/Analysis/EntireFunction/WeierstraßProduct.c --setup /home/michael/Development/Arithmetic-Hodge/.lake/build/ir/ArithmeticHodge/Analysis/EntireFunction/WeierstraßProduct.setup.json --json",
   "level": "trace"},
  {"message":
   "ArithmeticHodge/Analysis/EntireFunction/WeierstraßProduct.lean:536:5: unused variable `hdistinct`\n\nNote: This linter can be disabled with `set_option linter.unusedVariables false`",
   "level": "warning"},
  {"message":
   "ArithmeticHodge/Analysis/EntireFunction/WeierstraßProduct.lean:688:75: unused variable `hs`\n\nNote: This linter can be disabled with `set_option linter.unusedVariables false`",
   "level": "warning"},
  {"message":
   "ArithmeticHodge/Analysis/EntireFunction/WeierstraßProduct.lean:744:8: declaration uses `sorry`",
   "level": "warning"}],
 "inputs":
 [["ArithmeticHodge.Analysis.EntireFunction.WeierstraßProduct:deps",
   [["deps",
     [["ArithmeticHodge/ArithmeticHodge:extraDep",
       [["@ArithmeticHodge:extraDep", "00000000000006bb"]]],
      ["imports",
       [["Mathlib.Analysis.SpecialFunctions.Complex.Log transitive imports (legacy)",
         "47900fd55e787133"],
        ["Mathlib.Analysis.SpecialFunctions.Complex.Log:importAllArts",
         "4fb7ff5330e82c93"],
        ["Mathlib.Analysis.SpecialFunctions.Complex.LogDeriv transitive imports (legacy)",
         "54595d4a5095e423"],
        ["Mathlib.Analysis.SpecialFunctions.Complex.LogDeriv:importAllArts",
         "56576454c7c9db21"],
        ["Mathlib.Analysis.SpecialFunctions.ExpDeriv transitive imports (legacy)",
         "9de0e3bab17db2ef"],
        ["Mathlib.Analysis.SpecialFunctions.ExpDeriv:importAllArts",
         "d54e6c5da536e3e0"],
        ["Mathlib.Analysis.Analytic.Basic transitive imports (legacy)",
         "dae2b1d623782565"],
        ["Mathlib.Analysis.Analytic.Basic:importAllArts", "6eb0373b20790266"],
        ["Mathlib.Analysis.Analytic.IsolatedZeros transitive imports (legacy)",
         "733aa0ec2da9a88b"],
        ["Mathlib.Analysis.Analytic.IsolatedZeros:importAllArts",
         "7ab3e7d9621d8804"],
        ["Mathlib.Topology.Algebra.InfiniteSum.Basic transitive imports (legacy)",
         "e9d1706e90d6c696"],
        ["Mathlib.Topology.Algebra.InfiniteSum.Basic:importAllArts",
         "30e9a78cd7be5473"],
        ["Mathlib.Analysis.Normed.Field.Basic transitive imports (legacy)",
         "694b8f7bc25e2699"],
        ["Mathlib.Analysis.Normed.Field.Basic:importAllArts",
         "862a33e2ee2e8729"],
        ["Mathlib.Analysis.SpecialFunctions.Pow.Complex transitive imports (legacy)",
         "fc6a2206627a9504"],
        ["Mathlib.Analysis.SpecialFunctions.Pow.Complex:importAllArts",
         "f9901659250fa43b"],
        ["Mathlib.Analysis.SpecialFunctions.Log.Summable transitive imports (legacy)",
         "589a026be59157fd"],
        ["Mathlib.Analysis.SpecialFunctions.Log.Summable:importAllArts",
         "7481147c238f4c6b"],
        ["Mathlib.Analysis.SpecialFunctions.Pow.NNReal transitive imports (legacy)",
         "e377eff628119ff7"],
        ["Mathlib.Analysis.SpecialFunctions.Pow.NNReal:importAllArts",
         "9078672dbee7bf22"],
        ["Mathlib.Analysis.SpecialFunctions.Complex.Analytic transitive imports (legacy)",
         "1b2378d83d205df9"],
        ["Mathlib.Analysis.SpecialFunctions.Complex.Analytic:importAllArts",
         "b5f47c5fd6052de7"],
        ["Mathlib.Analysis.Calculus.MeanValue transitive imports (legacy)",
         "3e2b3fe2e7927f03"],
        ["Mathlib.Analysis.Calculus.MeanValue:importAllArts",
         "726f07c401296836"],
        ["Mathlib.MeasureTheory.Integral.IntervalIntegral.FundThmCalculus transitive imports (legacy)",
         "8fe06a1701d2c150"],
        ["Mathlib.MeasureTheory.Integral.IntervalIntegral.FundThmCalculus:importAllArts",
         "667fb2e91852d4c6"],
        ["Mathlib.MeasureTheory.Integral.IntervalIntegral.Basic transitive imports (legacy)",
         "98d44f0e1ae3b068"],
        ["Mathlib.MeasureTheory.Integral.IntervalIntegral.Basic:importAllArts",
         "f3aed062e53593fa"],
        ["Mathlib.Analysis.Normed.Module.MultipliableUniformlyOn transitive imports (legacy)",
         "7b98df980afec710"],
        ["Mathlib.Analysis.Normed.Module.MultipliableUniformlyOn:importAllArts",
         "a993721c0749507c"],
        ["Mathlib.Analysis.Complex.LocallyUniformLimit transitive imports (legacy)",
         "b56fd52279142eed"],
        ["Mathlib.Analysis.Complex.LocallyUniformLimit:importAllArts",
         "3ac27349dbe9bdc0"]]]]],
    ["libs",
     [["import dynlibs", "00000000000006bb"],
      ["package external libraries", "00000000000006bb"],
      ["module dynlibs", "00000000000006bb"],
      ["module plugins", "00000000000006bb"]]]]],
  ["Lean 4.29.0, commit 513160ea59dfd60defec325636bbc5215a8a6e7e",
   "76ce528f9bbd32d8"],
  ["/home/michael/Development/Arithmetic-Hodge/ArithmeticHodge/Analysis/EntireFunction/WeierstraßProduct.lean",
   "77cce8a4610b5616"],
  ["options", [["-DautoImplicit=false", "4a85acb881fd49d0"]]],
  ["isModule: false", "feefd2a0d3a1847e"],
  ["Module.name: ArithmeticHodge.Analysis.EntireFunction.WeierstraßProduct",
   "ea95b57fd060fe40"],
  ["Package.id?: (some ArithmeticHodge)", "202b60328afc8567"],
  ["Module.leanArgs: #[]", "00000000000006bb"]],
 "depHash": "68c105de6750f36f"}