{"synthetic": false,
 "schemaVersion": "2025-09-10",
 "outputs":
 {"o": ["c134a7a36bc5e610.olean"],
  "i": "dcacb431b95b615e.ilean",
  "c": "cc6dcdec6ebe0a08.c"},
 "log":
 [{"message":
   ".> LEAN_PATH=/home/michael/Development/Arithmetic-Hodge/.lake/packages/Cli/.lake/build/lib/lean:/home/michael/Development/Arithmetic-Hodge/.lake/packages/batteries/.lake/build/lib/lean:/home/michael/Development/Arithmetic-Hodge/.lake/packages/Qq/.lake/build/lib/lean:/home/michael/Development/Arithmetic-Hodge/.lake/packages/aesop/.lake/build/lib/lean:/home/michael/Development/Arithmetic-Hodge/.lake/packages/proofwidgets/.lake/build/lib/lean:/home/michael/Development/Arithmetic-Hodge/.lake/packages/importGraph/.lake/build/lib/lean:/home/michael/Development/Arithmetic-Hodge/.lake/packages/LeanSearchClient/.lake/build/lib/lean:/home/michael/Development/Arithmetic-Hodge/.lake/packages/plausible/.lake/build/lib/lean:/home/michael/Development/Arithmetic-Hodge/.lake/packages/mathlib/.lake/build/lib/lean:/home/michael/Development/Arithmetic-Hodge/.lake/build/lib/lean /home/michael/.elan/toolchains/leanprover--lean4---v4.29.0-rc8/bin/lean /home/michael/Development/Arithmetic-Hodge/ArithmeticHodge/Algebra/DistributiveCoupling.lean -o /home/michael/Development/Arithmetic-Hodge/.lake/build/lib/lean/ArithmeticHodge/Algebra/DistributiveCoupling.olean -i /home/michael/Development/Arithmetic-Hodge/.lake/build/lib/lean/ArithmeticHodge/Algebra/DistributiveCoupling.ilean -c /home/michael/Development/Arithmetic-Hodge/.lake/build/ir/ArithmeticHodge/Algebra/DistributiveCoupling.c --setup /home/michael/Development/Arithmetic-Hodge/.lake/build/ir/ArithmeticHodge/Algebra/DistributiveCoupling.setup.json --json",
   "level": "trace"}],
 "inputs":
 [["ArithmeticHodge.Algebra.DistributiveCoupling:deps",
   [["deps",
     [["ArithmeticHodge/ArithmeticHodge:extraDep",
       [["@ArithmeticHodge:extraDep", "00000000000006bb"]]],
      ["imports",
       [["Mathlib.RingTheory.PrincipalIdealDomain transitive imports (legacy)",
         "18fd1cd1cef78dda"],
        ["Mathlib.RingTheory.PrincipalIdealDomain:importAllArts",
         "e5b845ceb4092ee3"],
        ["Mathlib.RingTheory.UniqueFactorizationDomain.Basic transitive imports (legacy)",
         "48806a809637d985"],
        ["Mathlib.RingTheory.UniqueFactorizationDomain.Basic:importAllArts",
         "9a5e0ab57fc4189c"],
        ["Mathlib.RingTheory.EuclideanDomain transitive imports (legacy)",
         "13387d6736c8348a"],
        ["Mathlib.RingTheory.EuclideanDomain:importAllArts",
         "6281559436623429"],
        ["Mathlib.RingTheory.Int.Basic transitive imports (legacy)",
         "6b7a35546ad67371"],
        ["Mathlib.RingTheory.Int.Basic:importAllArts", "eef88e55e17b18f3"],
        ["Mathlib.Data.Int.Basic transitive imports (legacy)",
         "6cc764e8014e4414"],
        ["Mathlib.Data.Int.Basic:importAllArts", "212e1b306c01bfdf"],
        ["Mathlib.Algebra.Ring.Basic transitive imports (legacy)",
         "c92381d9fd5cb008"],
        ["Mathlib.Algebra.Ring.Basic:importAllArts", "b9e95b6a7b22b002"],
        ["Mathlib.Topology.Algebra.InfiniteSum.Basic transitive imports (legacy)",
         "e9d1706e90d6c696"],
        ["Mathlib.Topology.Algebra.InfiniteSum.Basic:importAllArts",
         "30e9a78cd7be5473"],
        ["Mathlib.Topology.Algebra.Ring.Basic transitive imports (legacy)",
         "37b19b60e5707366"],
        ["Mathlib.Topology.Algebra.Ring.Basic:importAllArts",
         "017124b33055626b"]]]]],
    ["libs",
     [["import dynlibs", "00000000000006bb"],
      ["package external libraries", "00000000000006bb"],
      ["module dynlibs", "00000000000006bb"],
      ["module plugins", "00000000000006bb"]]]]],
  ["Lean 4.29.0, commit 513160ea59dfd60defec325636bbc5215a8a6e7e",
   "76ce528f9bbd32d8"],
  ["/home/michael/Development/Arithmetic-Hodge/ArithmeticHodge/Algebra/DistributiveCoupling.lean",
   "a87c6160fdf570ec"],
  ["options", [["-DautoImplicit=false", "4a85acb881fd49d0"]]],
  ["isModule: false", "feefd2a0d3a1847e"],
  ["Module.name: ArithmeticHodge.Algebra.DistributiveCoupling",
   "5db8e385c9a8162f"],
  ["Package.id?: (some ArithmeticHodge)", "202b60328afc8567"],
  ["Module.leanArgs: #[]", "00000000000006bb"]],
 "depHash": "e3cd55c1e7374faf"}