{"synthetic": false,
 "schemaVersion": "2025-09-10",
 "outputs":
 {"o": ["79068dee3b14ac92.olean"],
  "i": "f758a34212e8e4cc.ilean",
  "c": "f9809dc76705d94f.c"},
 "log":
 [{"message":
   ".> LEAN_PATH=/home/michael/Development/Arithmetic-Hodge/.lake/packages/Cli/.lake/build/lib/lean:/home/michael/Development/Arithmetic-Hodge/.lake/packages/batteries/.lake/build/lib/lean:/home/michael/Development/Arithmetic-Hodge/.lake/packages/Qq/.lake/build/lib/lean:/home/michael/Development/Arithmetic-Hodge/.lake/packages/aesop/.lake/build/lib/lean:/home/michael/Development/Arithmetic-Hodge/.lake/packages/proofwidgets/.lake/build/lib/lean:/home/michael/Development/Arithmetic-Hodge/.lake/packages/importGraph/.lake/build/lib/lean:/home/michael/Development/Arithmetic-Hodge/.lake/packages/LeanSearchClient/.lake/build/lib/lean:/home/michael/Development/Arithmetic-Hodge/.lake/packages/plausible/.lake/build/lib/lean:/home/michael/Development/Arithmetic-Hodge/.lake/packages/mathlib/.lake/build/lib/lean:/home/michael/Development/Arithmetic-Hodge/.lake/build/lib/lean /home/michael/.elan/toolchains/leanprover--lean4---v4.29.0-rc8/bin/lean /home/michael/Development/Arithmetic-Hodge/ArithmeticHodge/Analysis/FourierTransform.lean -o /home/michael/Development/Arithmetic-Hodge/.lake/build/lib/lean/ArithmeticHodge/Analysis/FourierTransform.olean -i /home/michael/Development/Arithmetic-Hodge/.lake/build/lib/lean/ArithmeticHodge/Analysis/FourierTransform.ilean -c /home/michael/Development/Arithmetic-Hodge/.lake/build/ir/ArithmeticHodge/Analysis/FourierTransform.c --setup /home/michael/Development/Arithmetic-Hodge/.lake/build/ir/ArithmeticHodge/Analysis/FourierTransform.setup.json --json",
   "level": "trace"},
  {"message":
   "ArithmeticHodge/Analysis/FourierTransform.lean:39:8: declaration uses `sorry`",
   "level": "warning"},
  {"message":
   "ArithmeticHodge/Analysis/FourierTransform.lean:72:8: declaration uses `sorry`",
   "level": "warning"},
  {"message":
   "ArithmeticHodge/Analysis/FourierTransform.lean:126:8: declaration uses `sorry`",
   "level": "warning"},
  {"message":
   "ArithmeticHodge/Analysis/FourierTransform.lean:139:5: unused variable `hs_ne_one`\n\nNote: This linter can be disabled with `set_option linter.unusedVariables false`",
   "level": "warning"}],
 "inputs":
 [["ArithmeticHodge.Analysis.FourierTransform:deps",
   [["deps",
     [["ArithmeticHodge/ArithmeticHodge:extraDep",
       [["@ArithmeticHodge:extraDep", "00000000000006bb"]]],
      ["imports",
       [["Mathlib.MeasureTheory.Integral.Bochner.Basic transitive imports (legacy)",
         "1dd395d03b2fff4e"],
        ["Mathlib.MeasureTheory.Integral.Bochner.Basic:importAllArts",
         "ba96e41fa5856b14"],
        ["Mathlib.MeasureTheory.Function.L2Space transitive imports (legacy)",
         "b8febeb26f53a187"],
        ["Mathlib.MeasureTheory.Function.L2Space:importAllArts",
         "58dbac2db0ca5fc6"],
        ["Mathlib.Analysis.InnerProductSpace.Basic transitive imports (legacy)",
         "b4c78787f1a9b815"],
        ["Mathlib.Analysis.InnerProductSpace.Basic:importAllArts",
         "37150adc45312efd"],
        ["Mathlib.MeasureTheory.Group.Integral transitive imports (legacy)",
         "a985d38fa2c39fc6"],
        ["Mathlib.MeasureTheory.Group.Integral:importAllArts",
         "6227004f63cb175c"],
        ["Mathlib.Analysis.SpecialFunctions.Trigonometric.Basic transitive imports (legacy)",
         "920fb83de6cdd735"],
        ["Mathlib.Analysis.SpecialFunctions.Trigonometric.Basic:importAllArts",
         "28b880758ad89d5b"],
        ["ArithmeticHodge.Analysis.WeilExplicit transitive imports (legacy)",
         "f4b6e01e9fb1472e"],
        ["ArithmeticHodge.Analysis.WeilExplicit:importAllArts",
         "693f37d07ede07b6"]]]]],
    ["libs",
     [["import dynlibs", "00000000000006bb"],
      ["package external libraries", "00000000000006bb"],
      ["module dynlibs", "00000000000006bb"],
      ["module plugins", "00000000000006bb"]]]]],
  ["Lean 4.29.0, commit 513160ea59dfd60defec325636bbc5215a8a6e7e",
   "76ce528f9bbd32d8"],
  ["/home/michael/Development/Arithmetic-Hodge/ArithmeticHodge/Analysis/FourierTransform.lean",
   "ded639b8a0647c67"],
  ["options", [["-DautoImplicit=false", "4a85acb881fd49d0"]]],
  ["isModule: false", "feefd2a0d3a1847e"],
  ["Module.name: ArithmeticHodge.Analysis.FourierTransform",
   "cf828579ba20ec9f"],
  ["Package.id?: (some ArithmeticHodge)", "202b60328afc8567"],
  ["Module.leanArgs: #[]", "00000000000006bb"]],
 "depHash": "03c89d3445f38696"}