{"synthetic": false,
 "schemaVersion": "2025-09-10",
 "outputs":
 {"o": ["d837a117fddfe934.olean"],
  "i": "344e82e21e60cd13.ilean",
  "c": "07776580130d5c23.c"},
 "log":
 [{"message":
   ".> LEAN_PATH=/home/michael/Development/Arithmetic-Hodge/.lake/packages/Cli/.lake/build/lib/lean:/home/michael/Development/Arithmetic-Hodge/.lake/packages/batteries/.lake/build/lib/lean:/home/michael/Development/Arithmetic-Hodge/.lake/packages/Qq/.lake/build/lib/lean:/home/michael/Development/Arithmetic-Hodge/.lake/packages/aesop/.lake/build/lib/lean:/home/michael/Development/Arithmetic-Hodge/.lake/packages/proofwidgets/.lake/build/lib/lean:/home/michael/Development/Arithmetic-Hodge/.lake/packages/importGraph/.lake/build/lib/lean:/home/michael/Development/Arithmetic-Hodge/.lake/packages/LeanSearchClient/.lake/build/lib/lean:/home/michael/Development/Arithmetic-Hodge/.lake/packages/plausible/.lake/build/lib/lean:/home/michael/Development/Arithmetic-Hodge/.lake/packages/mathlib/.lake/build/lib/lean:/home/michael/Development/Arithmetic-Hodge/.lake/build/lib/lean /home/michael/.elan/toolchains/leanprover--lean4---v4.29.0-rc8/bin/lean /home/michael/Development/Arithmetic-Hodge/ArithmeticHodge/Analysis/PoissonSummation.lean -o /home/michael/Development/Arithmetic-Hodge/.lake/build/lib/lean/ArithmeticHodge/Analysis/PoissonSummation.olean -i /home/michael/Development/Arithmetic-Hodge/.lake/build/lib/lean/ArithmeticHodge/Analysis/PoissonSummation.ilean -c /home/michael/Development/Arithmetic-Hodge/.lake/build/ir/ArithmeticHodge/Analysis/PoissonSummation.c --setup /home/michael/Development/Arithmetic-Hodge/.lake/build/ir/ArithmeticHodge/Analysis/PoissonSummation.setup.json --json",
   "level": "trace"}],
 "inputs":
 [["ArithmeticHodge.Analysis.PoissonSummation:deps",
   [["deps",
     [["ArithmeticHodge/ArithmeticHodge:extraDep",
       [["@ArithmeticHodge:extraDep", "00000000000006bb"]]],
      ["imports",
       [["Mathlib.Analysis.Distribution.SchwartzSpace.Basic transitive imports (legacy)",
         "7f2ff87ad2a3092d"],
        ["Mathlib.Analysis.Distribution.SchwartzSpace.Basic:importAllArts",
         "a91ec86484f5a79e"],
        ["Mathlib.Analysis.Fourier.FourierTransform transitive imports (legacy)",
         "efbd16787e7bfea1"],
        ["Mathlib.Analysis.Fourier.FourierTransform:importAllArts",
         "de00c31559b231b2"],
        ["Mathlib.Analysis.Fourier.PoissonSummation transitive imports (legacy)",
         "caaa4e1601c18839"],
        ["Mathlib.Analysis.Fourier.PoissonSummation:importAllArts",
         "e3d0152795c9a2f2"],
        ["Mathlib.Topology.Algebra.InfiniteSum.Basic transitive imports (legacy)",
         "e9d1706e90d6c696"],
        ["Mathlib.Topology.Algebra.InfiniteSum.Basic:importAllArts",
         "30e9a78cd7be5473"]]]]],
    ["libs",
     [["import dynlibs", "00000000000006bb"],
      ["package external libraries", "00000000000006bb"],
      ["module dynlibs", "00000000000006bb"],
      ["module plugins", "00000000000006bb"]]]]],
  ["Lean 4.29.0, commit 513160ea59dfd60defec325636bbc5215a8a6e7e",
   "76ce528f9bbd32d8"],
  ["/home/michael/Development/Arithmetic-Hodge/ArithmeticHodge/Analysis/PoissonSummation.lean",
   "e1050d3ddebd7b7c"],
  ["options", [["-DautoImplicit=false", "4a85acb881fd49d0"]]],
  ["isModule: false", "feefd2a0d3a1847e"],
  ["Module.name: ArithmeticHodge.Analysis.PoissonSummation",
   "e2a05592a5302e69"],
  ["Package.id?: (some ArithmeticHodge)", "202b60328afc8567"],
  ["Module.leanArgs: #[]", "00000000000006bb"]],
 "depHash": "bc7015e624d63453"}