{"synthetic": false,
 "schemaVersion": "2025-09-10",
 "outputs":
 {"o": ["95455efa68f5c4f7.olean"],
  "i": "f8090f54ceadc21b.ilean",
  "c": "13766911bcff9531.c"},
 "log":
 [{"message":
   ".> LEAN_PATH=/home/michael/Development/Arithmetic-Hodge/.lake/packages/Cli/.lake/build/lib/lean:/home/michael/Development/Arithmetic-Hodge/.lake/packages/batteries/.lake/build/lib/lean:/home/michael/Development/Arithmetic-Hodge/.lake/packages/Qq/.lake/build/lib/lean:/home/michael/Development/Arithmetic-Hodge/.lake/packages/aesop/.lake/build/lib/lean:/home/michael/Development/Arithmetic-Hodge/.lake/packages/proofwidgets/.lake/build/lib/lean:/home/michael/Development/Arithmetic-Hodge/.lake/packages/importGraph/.lake/build/lib/lean:/home/michael/Development/Arithmetic-Hodge/.lake/packages/LeanSearchClient/.lake/build/lib/lean:/home/michael/Development/Arithmetic-Hodge/.lake/packages/plausible/.lake/build/lib/lean:/home/michael/Development/Arithmetic-Hodge/.lake/packages/mathlib/.lake/build/lib/lean:/home/michael/Development/Arithmetic-Hodge/.lake/build/lib/lean /home/michael/.elan/toolchains/leanprover--lean4---v4.29.0-rc8/bin/lean /home/michael/Development/Arithmetic-Hodge/ArithmeticHodge/Analysis/ThetaFunction.lean -o /home/michael/Development/Arithmetic-Hodge/.lake/build/lib/lean/ArithmeticHodge/Analysis/ThetaFunction.olean -i /home/michael/Development/Arithmetic-Hodge/.lake/build/lib/lean/ArithmeticHodge/Analysis/ThetaFunction.ilean -c /home/michael/Development/Arithmetic-Hodge/.lake/build/ir/ArithmeticHodge/Analysis/ThetaFunction.c --setup /home/michael/Development/Arithmetic-Hodge/.lake/build/ir/ArithmeticHodge/Analysis/ThetaFunction.setup.json --json",
   "level": "trace"}],
 "inputs":
 [["ArithmeticHodge.Analysis.ThetaFunction:deps",
   [["deps",
     [["ArithmeticHodge/ArithmeticHodge:extraDep",
       [["@ArithmeticHodge:extraDep", "00000000000006bb"]]],
      ["imports",
       [["Mathlib.NumberTheory.ModularForms.JacobiTheta.OneVariable transitive imports (legacy)",
         "3bef2141f17c21e8"],
        ["Mathlib.NumberTheory.ModularForms.JacobiTheta.OneVariable:importAllArts",
         "4a3bec62b0b6fac6"],
        ["Mathlib.NumberTheory.ModularForms.JacobiTheta.Bounds transitive imports (legacy)",
         "2d0cd5b27eea1606"],
        ["Mathlib.NumberTheory.ModularForms.JacobiTheta.Bounds:importAllArts",
         "4f8600c5b363d7ad"],
        ["Mathlib.Analysis.SpecialFunctions.Pow.Complex transitive imports (legacy)",
         "fc6a2206627a9504"],
        ["Mathlib.Analysis.SpecialFunctions.Pow.Complex:importAllArts",
         "f9901659250fa43b"]]]]],
    ["libs",
     [["import dynlibs", "00000000000006bb"],
      ["package external libraries", "00000000000006bb"],
      ["module dynlibs", "00000000000006bb"],
      ["module plugins", "00000000000006bb"]]]]],
  ["Lean 4.29.0, commit 513160ea59dfd60defec325636bbc5215a8a6e7e",
   "76ce528f9bbd32d8"],
  ["/home/michael/Development/Arithmetic-Hodge/ArithmeticHodge/Analysis/ThetaFunction.lean",
   "de16ae8c1b59de47"],
  ["options", [["-DautoImplicit=false", "4a85acb881fd49d0"]]],
  ["isModule: false", "feefd2a0d3a1847e"],
  ["Module.name: ArithmeticHodge.Analysis.ThetaFunction", "49d530fcd767995a"],
  ["Package.id?: (some ArithmeticHodge)", "202b60328afc8567"],
  ["Module.leanArgs: #[]", "00000000000006bb"]],
 "depHash": "df7f6bacee177a87"}