{"synthetic": false,
 "schemaVersion": "2025-09-10",
 "outputs":
 {"o": ["50bfb642d19a911e.olean"],
  "i": "03c48469d68088f4.ilean",
  "c": "3eb2ccacf960fe8e.c"},
 "log":
 [{"message":
   ".> LEAN_PATH=/home/michael/Development/Arithmetic-Hodge/.lake/packages/Cli/.lake/build/lib/lean:/home/michael/Development/Arithmetic-Hodge/.lake/packages/batteries/.lake/build/lib/lean:/home/michael/Development/Arithmetic-Hodge/.lake/packages/Qq/.lake/build/lib/lean:/home/michael/Development/Arithmetic-Hodge/.lake/packages/aesop/.lake/build/lib/lean:/home/michael/Development/Arithmetic-Hodge/.lake/packages/proofwidgets/.lake/build/lib/lean:/home/michael/Development/Arithmetic-Hodge/.lake/packages/importGraph/.lake/build/lib/lean:/home/michael/Development/Arithmetic-Hodge/.lake/packages/LeanSearchClient/.lake/build/lib/lean:/home/michael/Development/Arithmetic-Hodge/.lake/packages/plausible/.lake/build/lib/lean:/home/michael/Development/Arithmetic-Hodge/.lake/packages/mathlib/.lake/build/lib/lean:/home/michael/Development/Arithmetic-Hodge/.lake/build/lib/lean /home/michael/.elan/toolchains/leanprover--lean4---v4.29.0-rc8/bin/lean /home/michael/Development/Arithmetic-Hodge/ArithmeticHodge/Analysis/WeilPositivity.lean -o /home/michael/Development/Arithmetic-Hodge/.lake/build/lib/lean/ArithmeticHodge/Analysis/WeilPositivity.olean -i /home/michael/Development/Arithmetic-Hodge/.lake/build/lib/lean/ArithmeticHodge/Analysis/WeilPositivity.ilean -c /home/michael/Development/Arithmetic-Hodge/.lake/build/ir/ArithmeticHodge/Analysis/WeilPositivity.c --setup /home/michael/Development/Arithmetic-Hodge/.lake/build/ir/ArithmeticHodge/Analysis/WeilPositivity.setup.json --json",
   "level": "trace"},
  {"message":
   "ArithmeticHodge/Analysis/WeilPositivity.lean:58:14: Try this:\n  [apply] ring_nf\n  \n  The `ring` tactic failed to close the goal. Use `ring_nf` to obtain a normal form.\n    \n  Note that `ring` works primarily in *commutative* rings. If you have a noncommutative ring, abelian group or module, consider using `noncomm_ring`, `abel` or `module` instead.",
   "level": "info"}],
 "inputs":
 [["ArithmeticHodge.Analysis.WeilPositivity:deps",
   [["deps",
     [["ArithmeticHodge/ArithmeticHodge:extraDep",
       [["@ArithmeticHodge:extraDep", "00000000000006bb"]]],
      ["imports",
       [["Mathlib.MeasureTheory.Integral.Bochner.Basic transitive imports (legacy)",
         "1dd395d03b2fff4e"],
        ["Mathlib.MeasureTheory.Integral.Bochner.Basic:importAllArts",
         "ba96e41fa5856b14"],
        ["Mathlib.MeasureTheory.Function.L2Space transitive imports (legacy)",
         "b8febeb26f53a187"],
        ["Mathlib.MeasureTheory.Function.L2Space:importAllArts",
         "58dbac2db0ca5fc6"],
        ["Mathlib.Analysis.InnerProductSpace.Basic transitive imports (legacy)",
         "b4c78787f1a9b815"],
        ["Mathlib.Analysis.InnerProductSpace.Basic:importAllArts",
         "37150adc45312efd"],
        ["Mathlib.NumberTheory.LSeries.RiemannZeta transitive imports (legacy)",
         "67c9074ffd0487d2"],
        ["Mathlib.NumberTheory.LSeries.RiemannZeta:importAllArts",
         "e884e1accdccd489"],
        ["Mathlib.MeasureTheory.Group.Measure transitive imports (legacy)",
         "71c95addc1dbf544"],
        ["Mathlib.MeasureTheory.Group.Measure:importAllArts",
         "21bb840396f3b27e"],
        ["Mathlib.MeasureTheory.Group.Integral transitive imports (legacy)",
         "a985d38fa2c39fc6"],
        ["Mathlib.MeasureTheory.Group.Integral:importAllArts",
         "6227004f63cb175c"],
        ["ArithmeticHodge.Analysis.WeilExplicit transitive imports (legacy)",
         "f4b6e01e9fb1472e"],
        ["ArithmeticHodge.Analysis.WeilExplicit:importAllArts",
         "693f37d07ede07b6"],
        ["ArithmeticHodge.Analysis.FourierTransform transitive imports (legacy)",
         "217291c5d94dc2c9"],
        ["ArithmeticHodge.Analysis.FourierTransform:importAllArts",
         "6882a26e2575a6c2"]]]]],
    ["libs",
     [["import dynlibs", "00000000000006bb"],
      ["package external libraries", "00000000000006bb"],
      ["module dynlibs", "00000000000006bb"],
      ["module plugins", "00000000000006bb"]]]]],
  ["Lean 4.29.0, commit 513160ea59dfd60defec325636bbc5215a8a6e7e",
   "76ce528f9bbd32d8"],
  ["/home/michael/Development/Arithmetic-Hodge/ArithmeticHodge/Analysis/WeilPositivity.lean",
   "e83a072b195b0376"],
  ["options", [["-DautoImplicit=false", "4a85acb881fd49d0"]]],
  ["isModule: false", "feefd2a0d3a1847e"],
  ["Module.name: ArithmeticHodge.Analysis.WeilPositivity", "59a2faa13be4cfa5"],
  ["Package.id?: (some ArithmeticHodge)", "202b60328afc8567"],
  ["Module.leanArgs: #[]", "00000000000006bb"]],
 "depHash": "3602f044489f55d1"}