{"synthetic": false,
 "schemaVersion": "2025-09-10",
 "outputs":
 {"o": ["a6bed346a63a7489.olean"],
  "i": "93964f18d7a1cca5.ilean",
  "c": "f62da23d626a15c8.c"},
 "log":
 [{"message":
   ".> LEAN_PATH=/home/michael/Development/Arithmetic-Hodge/.lake/packages/Cli/.lake/build/lib/lean:/home/michael/Development/Arithmetic-Hodge/.lake/packages/batteries/.lake/build/lib/lean:/home/michael/Development/Arithmetic-Hodge/.lake/packages/Qq/.lake/build/lib/lean:/home/michael/Development/Arithmetic-Hodge/.lake/packages/aesop/.lake/build/lib/lean:/home/michael/Development/Arithmetic-Hodge/.lake/packages/proofwidgets/.lake/build/lib/lean:/home/michael/Development/Arithmetic-Hodge/.lake/packages/importGraph/.lake/build/lib/lean:/home/michael/Development/Arithmetic-Hodge/.lake/packages/LeanSearchClient/.lake/build/lib/lean:/home/michael/Development/Arithmetic-Hodge/.lake/packages/plausible/.lake/build/lib/lean:/home/michael/Development/Arithmetic-Hodge/.lake/packages/mathlib/.lake/build/lib/lean:/home/michael/Development/Arithmetic-Hodge/.lake/build/lib/lean /home/michael/.elan/toolchains/leanprover--lean4---v4.29.0-rc8/bin/lean /home/michael/Development/Arithmetic-Hodge/ArithmeticHodge/Analysis/WeilDefs.lean -o /home/michael/Development/Arithmetic-Hodge/.lake/build/lib/lean/ArithmeticHodge/Analysis/WeilDefs.olean -i /home/michael/Development/Arithmetic-Hodge/.lake/build/lib/lean/ArithmeticHodge/Analysis/WeilDefs.ilean -c /home/michael/Development/Arithmetic-Hodge/.lake/build/ir/ArithmeticHodge/Analysis/WeilDefs.c --setup /home/michael/Development/Arithmetic-Hodge/.lake/build/ir/ArithmeticHodge/Analysis/WeilDefs.setup.json --json",
   "level": "trace"}],
 "inputs":
 [["ArithmeticHodge.Analysis.WeilDefs:deps",
   [["deps",
     [["ArithmeticHodge/ArithmeticHodge:extraDep",
       [["@ArithmeticHodge:extraDep", "00000000000006bb"]]],
      ["imports",
       [["Mathlib.NumberTheory.ArithmeticFunction.Defs transitive imports (legacy)",
         "e1703962af34e922"],
        ["Mathlib.NumberTheory.ArithmeticFunction.Defs:importAllArts",
         "1152c69358492be3"],
        ["Mathlib.NumberTheory.ArithmeticFunction.VonMangoldt transitive imports (legacy)",
         "ff13843296daed13"],
        ["Mathlib.NumberTheory.ArithmeticFunction.VonMangoldt:importAllArts",
         "cb5456fa25d9e6a5"],
        ["Mathlib.Topology.Algebra.InfiniteSum.Basic transitive imports (legacy)",
         "e9d1706e90d6c696"],
        ["Mathlib.Topology.Algebra.InfiniteSum.Basic:importAllArts",
         "30e9a78cd7be5473"],
        ["Mathlib.MeasureTheory.Integral.IntegralEqImproper transitive imports (legacy)",
         "27505b9b43bc6000"],
        ["Mathlib.MeasureTheory.Integral.IntegralEqImproper:importAllArts",
         "aea288a351ad96cf"],
        ["Mathlib.Analysis.SpecialFunctions.Log.Basic transitive imports (legacy)",
         "c51277eb81e90f7b"],
        ["Mathlib.Analysis.SpecialFunctions.Log.Basic:importAllArts",
         "da84db86ccda1a20"],
        ["Mathlib.Data.Nat.Prime.Basic transitive imports (legacy)",
         "092ebc6bba3da177"],
        ["Mathlib.Data.Nat.Prime.Basic:importAllArts", "4ddb7370c8fe308a"],
        ["Mathlib.NumberTheory.LSeries.RiemannZeta transitive imports (legacy)",
         "67c9074ffd0487d2"],
        ["Mathlib.NumberTheory.LSeries.RiemannZeta:importAllArts",
         "e884e1accdccd489"],
        ["Mathlib.Analysis.SpecialFunctions.Gamma.Basic transitive imports (legacy)",
         "4e5ae5e590f4cea8"],
        ["Mathlib.Analysis.SpecialFunctions.Gamma.Basic:importAllArts",
         "21e9b2e227a729e4"]]]]],
    ["libs",
     [["import dynlibs", "00000000000006bb"],
      ["package external libraries", "00000000000006bb"],
      ["module dynlibs", "00000000000006bb"],
      ["module plugins", "00000000000006bb"]]]]],
  ["Lean 4.29.0, commit 513160ea59dfd60defec325636bbc5215a8a6e7e",
   "76ce528f9bbd32d8"],
  ["/home/michael/Development/Arithmetic-Hodge/ArithmeticHodge/Analysis/WeilDefs.lean",
   "0ee877b3f35f1fe8"],
  ["options", [["-DautoImplicit=false", "4a85acb881fd49d0"]]],
  ["isModule: false", "feefd2a0d3a1847e"],
  ["Module.name: ArithmeticHodge.Analysis.WeilDefs", "bda6541ab574e70b"],
  ["Package.id?: (some ArithmeticHodge)", "202b60328afc8567"],
  ["Module.leanArgs: #[]", "00000000000006bb"]],
 "depHash": "fccfbb148292ac29"}