{"synthetic": false,
 "schemaVersion": "2025-09-10",
 "outputs":
 {"o": ["a25be48f72cc63e5.olean"],
  "i": "506a89834b76e161.ilean",
  "c": "3d398d84abc4c53a.c"},
 "log":
 [{"message":
   ".> LEAN_PATH=/home/michael/Development/Arithmetic-Hodge/.lake/packages/Cli/.lake/build/lib/lean:/home/michael/Development/Arithmetic-Hodge/.lake/packages/batteries/.lake/build/lib/lean:/home/michael/Development/Arithmetic-Hodge/.lake/packages/Qq/.lake/build/lib/lean:/home/michael/Development/Arithmetic-Hodge/.lake/packages/aesop/.lake/build/lib/lean:/home/michael/Development/Arithmetic-Hodge/.lake/packages/proofwidgets/.lake/build/lib/lean:/home/michael/Development/Arithmetic-Hodge/.lake/packages/importGraph/.lake/build/lib/lean:/home/michael/Development/Arithmetic-Hodge/.lake/packages/LeanSearchClient/.lake/build/lib/lean:/home/michael/Development/Arithmetic-Hodge/.lake/packages/plausible/.lake/build/lib/lean:/home/michael/Development/Arithmetic-Hodge/.lake/packages/mathlib/.lake/build/lib/lean:/home/michael/Development/Arithmetic-Hodge/.lake/build/lib/lean /home/michael/.elan/toolchains/leanprover--lean4---v4.29.0-rc8/bin/lean /home/michael/Development/Arithmetic-Hodge/ArithmeticHodge/Analysis/ZetaProduct.lean -o /home/michael/Development/Arithmetic-Hodge/.lake/build/lib/lean/ArithmeticHodge/Analysis/ZetaProduct.olean -i /home/michael/Development/Arithmetic-Hodge/.lake/build/lib/lean/ArithmeticHodge/Analysis/ZetaProduct.ilean -c /home/michael/Development/Arithmetic-Hodge/.lake/build/ir/ArithmeticHodge/Analysis/ZetaProduct.c --setup /home/michael/Development/Arithmetic-Hodge/.lake/build/ir/ArithmeticHodge/Analysis/ZetaProduct.setup.json --json",
   "level": "trace"},
  {"message":
   "ArithmeticHodge/Analysis/ZetaProduct.lean:118:8: declaration uses `sorry`",
   "level": "warning"},
  {"message":
   "ArithmeticHodge/Analysis/ZetaProduct.lean:141:8: declaration uses `sorry`",
   "level": "warning"},
  {"message":
   "ArithmeticHodge/Analysis/ZetaProduct.lean:154:39: unused variable `hs1`\n\nNote: This linter can be disabled with `set_option linter.unusedVariables false`",
   "level": "warning"},
  {"message":
   "ArithmeticHodge/Analysis/ZetaProduct.lean:154:53: unused variable `hs0`\n\nNote: This linter can be disabled with `set_option linter.unusedVariables false`",
   "level": "warning"},
  {"message":
   "ArithmeticHodge/Analysis/ZetaProduct.lean:155:5: unused variable `hζ`\n\nNote: This linter can be disabled with `set_option linter.unusedVariables false`",
   "level": "warning"},
  {"message":
   "ArithmeticHodge/Analysis/ZetaProduct.lean:204:8: declaration uses `sorry`",
   "level": "warning"},
  {"message":
   "ArithmeticHodge/Analysis/ZetaProduct.lean:219:8: declaration uses `sorry`",
   "level": "warning"},
  {"message":
   "ArithmeticHodge/Analysis/ZetaProduct.lean:239:8: declaration uses `sorry`",
   "level": "warning"},
  {"message":
   "ArithmeticHodge/Analysis/ZetaProduct.lean:253:8: declaration uses `sorry`",
   "level": "warning"}],
 "inputs":
 [["ArithmeticHodge.Analysis.ZetaProduct:deps",
   [["deps",
     [["ArithmeticHodge/ArithmeticHodge:extraDep",
       [["@ArithmeticHodge:extraDep", "00000000000006bb"]]],
      ["imports",
       [["ArithmeticHodge.Analysis.EntireFunction.Hadamard transitive imports (legacy)",
         "cd7c1e72313b06d0"],
        ["ArithmeticHodge.Analysis.EntireFunction.Hadamard:importAllArts",
         "17940c84a453cfbe"],
        ["ArithmeticHodge.Analysis.WeilDefs transitive imports (legacy)",
         "c0bb3629a579c6f3"],
        ["ArithmeticHodge.Analysis.WeilDefs:importAllArts", "e3242293f5b6bec9"],
        ["Mathlib.NumberTheory.LSeries.RiemannZeta transitive imports (legacy)",
         "67c9074ffd0487d2"],
        ["Mathlib.NumberTheory.LSeries.RiemannZeta:importAllArts",
         "e884e1accdccd489"],
        ["Mathlib.NumberTheory.LSeries.Nonvanishing transitive imports (legacy)",
         "8a1e4eb75283f5a7"],
        ["Mathlib.NumberTheory.LSeries.Nonvanishing:importAllArts",
         "55edb1f009f164e8"],
        ["Mathlib.Analysis.Normed.Module.Connected transitive imports (legacy)",
         "165d5040ef5c7216"],
        ["Mathlib.Analysis.Normed.Module.Connected:importAllArts",
         "914b329550dbec0c"],
        ["Mathlib.Topology.Compactness.Lindelof transitive imports (legacy)",
         "41fcee5d467d3d2a"],
        ["Mathlib.Topology.Compactness.Lindelof:importAllArts",
         "9deba5ed22b41841"],
        ["Mathlib.Topology.DiscreteSubset transitive imports (legacy)",
         "bd27e5f4a28d5c9a"],
        ["Mathlib.Topology.DiscreteSubset:importAllArts", "3b2f3f02e027a300"],
        ["Mathlib.Analysis.Complex.CauchyIntegral transitive imports (legacy)",
         "4bc0c94bd798fdc2"],
        ["Mathlib.Analysis.Complex.CauchyIntegral:importAllArts",
         "6fbbe536e0231aa3"],
        ["Mathlib.Analysis.Analytic.Order transitive imports (legacy)",
         "391eae9d9ce46129"],
        ["Mathlib.Analysis.Analytic.Order:importAllArts",
         "787c2a7dd48e5363"]]]]],
    ["libs",
     [["import dynlibs", "00000000000006bb"],
      ["package external libraries", "00000000000006bb"],
      ["module dynlibs", "00000000000006bb"],
      ["module plugins", "00000000000006bb"]]]]],
  ["Lean 4.29.0, commit 513160ea59dfd60defec325636bbc5215a8a6e7e",
   "76ce528f9bbd32d8"],
  ["/home/michael/Development/Arithmetic-Hodge/ArithmeticHodge/Analysis/ZetaProduct.lean",
   "0fda1cfdf414fd38"],
  ["options", [["-DautoImplicit=false", "4a85acb881fd49d0"]]],
  ["isModule: false", "feefd2a0d3a1847e"],
  ["Module.name: ArithmeticHodge.Analysis.ZetaProduct", "3a8d28baa66c2633"],
  ["Package.id?: (some ArithmeticHodge)", "202b60328afc8567"],
  ["Module.leanArgs: #[]", "00000000000006bb"]],
 "depHash": "c60de140b257b164"}