{"synthetic": false,
 "schemaVersion": "2025-09-10",
 "outputs":
 {"o": ["24b219b48b4e0d37.olean"],
  "i": "12358a866661a70c.ilean",
  "c": "f585e9f97b879eb3.c"},
 "log":
 [{"message":
   ".> LEAN_PATH=/home/michael/Development/Arithmetic-Hodge/.lake/packages/Cli/.lake/build/lib/lean:/home/michael/Development/Arithmetic-Hodge/.lake/packages/batteries/.lake/build/lib/lean:/home/michael/Development/Arithmetic-Hodge/.lake/packages/Qq/.lake/build/lib/lean:/home/michael/Development/Arithmetic-Hodge/.lake/packages/aesop/.lake/build/lib/lean:/home/michael/Development/Arithmetic-Hodge/.lake/packages/proofwidgets/.lake/build/lib/lean:/home/michael/Development/Arithmetic-Hodge/.lake/packages/importGraph/.lake/build/lib/lean:/home/michael/Development/Arithmetic-Hodge/.lake/packages/LeanSearchClient/.lake/build/lib/lean:/home/michael/Development/Arithmetic-Hodge/.lake/packages/plausible/.lake/build/lib/lean:/home/michael/Development/Arithmetic-Hodge/.lake/packages/mathlib/.lake/build/lib/lean:/home/michael/Development/Arithmetic-Hodge/.lake/build/lib/lean /home/michael/.elan/toolchains/leanprover--lean4---v4.29.0-rc8/bin/lean /home/michael/Development/Arithmetic-Hodge/ArithmeticHodge/Spectral/ResolventComputation.lean -o /home/michael/Development/Arithmetic-Hodge/.lake/build/lib/lean/ArithmeticHodge/Spectral/ResolventComputation.olean -i /home/michael/Development/Arithmetic-Hodge/.lake/build/lib/lean/ArithmeticHodge/Spectral/ResolventComputation.ilean -c /home/michael/Development/Arithmetic-Hodge/.lake/build/ir/ArithmeticHodge/Spectral/ResolventComputation.c --setup /home/michael/Development/Arithmetic-Hodge/.lake/build/ir/ArithmeticHodge/Spectral/ResolventComputation.setup.json --json",
   "level": "trace"},
  {"message":
   "ArithmeticHodge/Spectral/ResolventComputation.lean:75:0: automatically included section variable(s) unused in theorem `ArithmeticHodge.Spectral.resolvent_determines_spectral_measure`:\n  [CompleteSpace H]\nconsider restructuring your `variable` declarations so that the variables are not in scope or explicitly omit them:\n  omit [CompleteSpace H] in theorem ...\n\nNote: This linter can be disabled with `set_option linter.unusedSectionVars false`",
   "level": "warning"},
  {"message":
   "ArithmeticHodge/Spectral/ResolventComputation.lean:76:31: unused variable `hD`\n\nNote: This linter can be disabled with `set_option linter.unusedVariables false`",
   "level": "warning"},
  {"message":
   "ArithmeticHodge/Spectral/ResolventComputation.lean:97:0: automatically included section variable(s) unused in theorem `ArithmeticHodge.Spectral.spectral_measure_identification`:\n  [CompleteSpace H]\nconsider restructuring your `variable` declarations so that the variables are not in scope or explicitly omit them:\n  omit [CompleteSpace H] in theorem ...\n\nNote: This linter can be disabled with `set_option linter.unusedSectionVars false`",
   "level": "warning"},
  {"message":
   "ArithmeticHodge/Spectral/ResolventComputation.lean:98:31: unused variable `hD`\n\nNote: This linter can be disabled with `set_option linter.unusedVariables false`",
   "level": "warning"},
  {"message":
   "ArithmeticHodge/Spectral/ResolventComputation.lean:138:8: declaration uses `sorry`",
   "level": "warning"}],
 "inputs":
 [["ArithmeticHodge.Spectral.ResolventComputation:deps",
   [["deps",
     [["ArithmeticHodge/ArithmeticHodge:extraDep",
       [["@ArithmeticHodge:extraDep", "00000000000006bb"]]],
      ["imports",
       [["Mathlib.Analysis.InnerProductSpace.Basic transitive imports (legacy)",
         "b4c78787f1a9b815"],
        ["Mathlib.Analysis.InnerProductSpace.Basic:importAllArts",
         "37150adc45312efd"],
        ["Mathlib.Analysis.InnerProductSpace.Adjoint transitive imports (legacy)",
         "d45d68c8b27974f4"],
        ["Mathlib.Analysis.InnerProductSpace.Adjoint:importAllArts",
         "98fccd252a01a58a"],
        ["Mathlib.Analysis.InnerProductSpace.l2Space transitive imports (legacy)",
         "87befc7c476ed137"],
        ["Mathlib.Analysis.InnerProductSpace.l2Space:importAllArts",
         "fa4ae54ea61e37ff"],
        ["Mathlib.Topology.Algebra.InfiniteSum.Basic transitive imports (legacy)",
         "e9d1706e90d6c696"],
        ["Mathlib.Topology.Algebra.InfiniteSum.Basic:importAllArts",
         "30e9a78cd7be5473"],
        ["ArithmeticHodge.Spectral.SpectralPositivity transitive imports (legacy)",
         "afd22a4e521e6ac2"],
        ["ArithmeticHodge.Spectral.SpectralPositivity:importAllArts",
         "34c8046c5e5859a2"],
        ["ArithmeticHodge.Adelic.SelbergUnfolding transitive imports (legacy)",
         "2935d97eaa2a2963"],
        ["ArithmeticHodge.Adelic.SelbergUnfolding:importAllArts",
         "bcefaa7c3551860a"]]]]],
    ["libs",
     [["import dynlibs", "00000000000006bb"],
      ["package external libraries", "00000000000006bb"],
      ["module dynlibs", "00000000000006bb"],
      ["module plugins", "00000000000006bb"]]]]],
  ["Lean 4.29.0, commit 513160ea59dfd60defec325636bbc5215a8a6e7e",
   "76ce528f9bbd32d8"],
  ["/home/michael/Development/Arithmetic-Hodge/ArithmeticHodge/Spectral/ResolventComputation.lean",
   "9e875531cf423bb4"],
  ["options", [["-DautoImplicit=false", "4a85acb881fd49d0"]]],
  ["isModule: false", "feefd2a0d3a1847e"],
  ["Module.name: ArithmeticHodge.Spectral.ResolventComputation",
   "c737b82e66553e5a"],
  ["Package.id?: (some ArithmeticHodge)", "202b60328afc8567"],
  ["Module.leanArgs: #[]", "00000000000006bb"]],
 "depHash": "85ef66e798dc7bc2"}