{"synthetic": false,
 "schemaVersion": "2025-09-10",
 "outputs":
 {"o": ["e95cbd77fa2f6438.olean"],
  "i": "f8665e8ca7a05e0a.ilean",
  "c": "097ddfb8609e641b.c"},
 "log":
 [{"message":
   ".> LEAN_PATH=/home/michael/Development/Arithmetic-Hodge/.lake/packages/Cli/.lake/build/lib/lean:/home/michael/Development/Arithmetic-Hodge/.lake/packages/batteries/.lake/build/lib/lean:/home/michael/Development/Arithmetic-Hodge/.lake/packages/Qq/.lake/build/lib/lean:/home/michael/Development/Arithmetic-Hodge/.lake/packages/aesop/.lake/build/lib/lean:/home/michael/Development/Arithmetic-Hodge/.lake/packages/proofwidgets/.lake/build/lib/lean:/home/michael/Development/Arithmetic-Hodge/.lake/packages/importGraph/.lake/build/lib/lean:/home/michael/Development/Arithmetic-Hodge/.lake/packages/LeanSearchClient/.lake/build/lib/lean:/home/michael/Development/Arithmetic-Hodge/.lake/packages/plausible/.lake/build/lib/lean:/home/michael/Development/Arithmetic-Hodge/.lake/packages/mathlib/.lake/build/lib/lean:/home/michael/Development/Arithmetic-Hodge/.lake/build/lib/lean /home/michael/.elan/toolchains/leanprover--lean4---v4.29.0-rc8/bin/lean /home/michael/Development/Arithmetic-Hodge/ArithmeticHodge/Spectral/SelfAdjointness.lean -o /home/michael/Development/Arithmetic-Hodge/.lake/build/lib/lean/ArithmeticHodge/Spectral/SelfAdjointness.olean -i /home/michael/Development/Arithmetic-Hodge/.lake/build/lib/lean/ArithmeticHodge/Spectral/SelfAdjointness.ilean -c /home/michael/Development/Arithmetic-Hodge/.lake/build/ir/ArithmeticHodge/Spectral/SelfAdjointness.c --setup /home/michael/Development/Arithmetic-Hodge/.lake/build/ir/ArithmeticHodge/Spectral/SelfAdjointness.setup.json --json",
   "level": "trace"},
  {"message":
   "ArithmeticHodge/Spectral/SelfAdjointness.lean:67:5: unused variable `U`\n\nNote: This linter can be disabled with `set_option linter.unusedVariables false`",
   "level": "warning"}],
 "inputs":
 [["ArithmeticHodge.Spectral.SelfAdjointness:deps",
   [["deps",
     [["ArithmeticHodge/ArithmeticHodge:extraDep",
       [["@ArithmeticHodge:extraDep", "00000000000006bb"]]],
      ["imports",
       [["Mathlib.Analysis.InnerProductSpace.Basic transitive imports (legacy)",
         "b4c78787f1a9b815"],
        ["Mathlib.Analysis.InnerProductSpace.Basic:importAllArts",
         "37150adc45312efd"],
        ["Mathlib.Analysis.InnerProductSpace.Adjoint transitive imports (legacy)",
         "d45d68c8b27974f4"],
        ["Mathlib.Analysis.InnerProductSpace.Adjoint:importAllArts",
         "98fccd252a01a58a"],
        ["Mathlib.Topology.Algebra.ContinuousMonoidHom transitive imports (legacy)",
         "c16844bdfab1052b"],
        ["Mathlib.Topology.Algebra.ContinuousMonoidHom:importAllArts",
         "c05f157efc827bb0"],
        ["Mathlib.Dynamics.Ergodic.MeasurePreserving transitive imports (legacy)",
         "ee8440116a2bf222"],
        ["Mathlib.Dynamics.Ergodic.MeasurePreserving:importAllArts",
         "fe3ac909c84b76d4"],
        ["Mathlib.MeasureTheory.Integral.Bochner.Basic transitive imports (legacy)",
         "1dd395d03b2fff4e"],
        ["Mathlib.MeasureTheory.Integral.Bochner.Basic:importAllArts",
         "ba96e41fa5856b14"],
        ["ArithmeticHodge.Spectral.UnboundedOperator transitive imports (legacy)",
         "002dd8104647be0f"],
        ["ArithmeticHodge.Spectral.UnboundedOperator:importAllArts",
         "6bafebefc80e7c38"]]]]],
    ["libs",
     [["import dynlibs", "00000000000006bb"],
      ["package external libraries", "00000000000006bb"],
      ["module dynlibs", "00000000000006bb"],
      ["module plugins", "00000000000006bb"]]]]],
  ["Lean 4.29.0, commit 513160ea59dfd60defec325636bbc5215a8a6e7e",
   "76ce528f9bbd32d8"],
  ["/home/michael/Development/Arithmetic-Hodge/ArithmeticHodge/Spectral/SelfAdjointness.lean",
   "564deb491b8ea062"],
  ["options", [["-DautoImplicit=false", "4a85acb881fd49d0"]]],
  ["isModule: false", "feefd2a0d3a1847e"],
  ["Module.name: ArithmeticHodge.Spectral.SelfAdjointness", "b4e114f26f648636"],
  ["Package.id?: (some ArithmeticHodge)", "202b60328afc8567"],
  ["Module.leanArgs: #[]", "00000000000006bb"]],
 "depHash": "c7f145050b22c88f"}