{"synthetic": false,
 "schemaVersion": "2025-09-10",
 "outputs":
 {"o": ["87a6d837638b8053.olean"],
  "i": "998238b5fd2bdd77.ilean",
  "c": "93a248c4a05317c3.c"},
 "log":
 [{"message":
   ".> LEAN_PATH=/home/michael/Development/Arithmetic-Hodge/.lake/packages/Cli/.lake/build/lib/lean:/home/michael/Development/Arithmetic-Hodge/.lake/packages/batteries/.lake/build/lib/lean:/home/michael/Development/Arithmetic-Hodge/.lake/packages/Qq/.lake/build/lib/lean:/home/michael/Development/Arithmetic-Hodge/.lake/packages/aesop/.lake/build/lib/lean:/home/michael/Development/Arithmetic-Hodge/.lake/packages/proofwidgets/.lake/build/lib/lean:/home/michael/Development/Arithmetic-Hodge/.lake/packages/importGraph/.lake/build/lib/lean:/home/michael/Development/Arithmetic-Hodge/.lake/packages/LeanSearchClient/.lake/build/lib/lean:/home/michael/Development/Arithmetic-Hodge/.lake/packages/plausible/.lake/build/lib/lean:/home/michael/Development/Arithmetic-Hodge/.lake/packages/mathlib/.lake/build/lib/lean:/home/michael/Development/Arithmetic-Hodge/.lake/build/lib/lean /home/michael/.elan/toolchains/leanprover--lean4---v4.29.0-rc8/bin/lean /home/michael/Development/Arithmetic-Hodge/ArithmeticHodge/Spectral/SpectralPositivity.lean -o /home/michael/Development/Arithmetic-Hodge/.lake/build/lib/lean/ArithmeticHodge/Spectral/SpectralPositivity.olean -i /home/michael/Development/Arithmetic-Hodge/.lake/build/lib/lean/ArithmeticHodge/Spectral/SpectralPositivity.ilean -c /home/michael/Development/Arithmetic-Hodge/.lake/build/ir/ArithmeticHodge/Spectral/SpectralPositivity.c --setup /home/michael/Development/Arithmetic-Hodge/.lake/build/ir/ArithmeticHodge/Spectral/SpectralPositivity.setup.json --json",
   "level": "trace"},
  {"message":
   "ArithmeticHodge/Spectral/SpectralPositivity.lean:152:0: automatically included section variable(s) unused in theorem `ArithmeticHodge.Spectral.trace_nonneg_of_positive`:\n  [CompleteSpace H]\nconsider restructuring your `variable` declarations so that the variables are not in scope or explicitly omit them:\n  omit [CompleteSpace H] in theorem ...\n\nNote: This linter can be disabled with `set_option linter.unusedSectionVars false`",
   "level": "warning"}],
 "inputs":
 [["ArithmeticHodge.Spectral.SpectralPositivity:deps",
   [["deps",
     [["ArithmeticHodge/ArithmeticHodge:extraDep",
       [["@ArithmeticHodge:extraDep", "00000000000006bb"]]],
      ["imports",
       [["Mathlib.Analysis.InnerProductSpace.Basic transitive imports (legacy)",
         "b4c78787f1a9b815"],
        ["Mathlib.Analysis.InnerProductSpace.Basic:importAllArts",
         "37150adc45312efd"],
        ["Mathlib.Analysis.InnerProductSpace.Adjoint transitive imports (legacy)",
         "d45d68c8b27974f4"],
        ["Mathlib.Analysis.InnerProductSpace.Adjoint:importAllArts",
         "98fccd252a01a58a"],
        ["Mathlib.Analysis.InnerProductSpace.l2Space transitive imports (legacy)",
         "87befc7c476ed137"],
        ["Mathlib.Analysis.InnerProductSpace.l2Space:importAllArts",
         "fa4ae54ea61e37ff"],
        ["Mathlib.Topology.Algebra.InfiniteSum.Basic transitive imports (legacy)",
         "e9d1706e90d6c696"],
        ["Mathlib.Topology.Algebra.InfiniteSum.Basic:importAllArts",
         "30e9a78cd7be5473"],
        ["Mathlib.Topology.Algebra.InfiniteSum.Order transitive imports (legacy)",
         "a8fda6c201149c55"],
        ["Mathlib.Topology.Algebra.InfiniteSum.Order:importAllArts",
         "ea0fb34da4b3c441"],
        ["ArithmeticHodge.Spectral.UnboundedOperator transitive imports (legacy)",
         "002dd8104647be0f"],
        ["ArithmeticHodge.Spectral.UnboundedOperator:importAllArts",
         "6bafebefc80e7c38"]]]]],
    ["libs",
     [["import dynlibs", "00000000000006bb"],
      ["package external libraries", "00000000000006bb"],
      ["module dynlibs", "00000000000006bb"],
      ["module plugins", "00000000000006bb"]]]]],
  ["Lean 4.29.0, commit 513160ea59dfd60defec325636bbc5215a8a6e7e",
   "76ce528f9bbd32d8"],
  ["/home/michael/Development/Arithmetic-Hodge/ArithmeticHodge/Spectral/SpectralPositivity.lean",
   "4d3606c938b73a50"],
  ["options", [["-DautoImplicit=false", "4a85acb881fd49d0"]]],
  ["isModule: false", "feefd2a0d3a1847e"],
  ["Module.name: ArithmeticHodge.Spectral.SpectralPositivity",
   "70a3eb07733c7836"],
  ["Package.id?: (some ArithmeticHodge)", "202b60328afc8567"],
  ["Module.leanArgs: #[]", "00000000000006bb"]],
 "depHash": "1dddf5405a8d9ede"}