{"synthetic": false,
 "schemaVersion": "2025-09-10",
 "outputs":
 {"o": ["a181bfcc590af870.olean"],
  "i": "b844f7ca906628db.ilean",
  "c": "36437f7e75a59411.c"},
 "log":
 [{"message":
   ".> LEAN_PATH=/home/michael/Development/Arithmetic-Hodge/.lake/packages/Cli/.lake/build/lib/lean:/home/michael/Development/Arithmetic-Hodge/.lake/packages/batteries/.lake/build/lib/lean:/home/michael/Development/Arithmetic-Hodge/.lake/packages/Qq/.lake/build/lib/lean:/home/michael/Development/Arithmetic-Hodge/.lake/packages/aesop/.lake/build/lib/lean:/home/michael/Development/Arithmetic-Hodge/.lake/packages/proofwidgets/.lake/build/lib/lean:/home/michael/Development/Arithmetic-Hodge/.lake/packages/importGraph/.lake/build/lib/lean:/home/michael/Development/Arithmetic-Hodge/.lake/packages/LeanSearchClient/.lake/build/lib/lean:/home/michael/Development/Arithmetic-Hodge/.lake/packages/plausible/.lake/build/lib/lean:/home/michael/Development/Arithmetic-Hodge/.lake/packages/mathlib/.lake/build/lib/lean:/home/michael/Development/Arithmetic-Hodge/.lake/build/lib/lean /home/michael/.elan/toolchains/leanprover--lean4---v4.29.0-rc8/bin/lean /home/michael/Development/Arithmetic-Hodge/ArithmeticHodge/Spectral/TraceFormula.lean -o /home/michael/Development/Arithmetic-Hodge/.lake/build/lib/lean/ArithmeticHodge/Spectral/TraceFormula.olean -i /home/michael/Development/Arithmetic-Hodge/.lake/build/lib/lean/ArithmeticHodge/Spectral/TraceFormula.ilean -c /home/michael/Development/Arithmetic-Hodge/.lake/build/ir/ArithmeticHodge/Spectral/TraceFormula.c --setup /home/michael/Development/Arithmetic-Hodge/.lake/build/ir/ArithmeticHodge/Spectral/TraceFormula.setup.json --json",
   "level": "trace"},
  {"message":
   "ArithmeticHodge/Spectral/TraceFormula.lean:59:17: unused variable `hf`\n\nNote: This linter can be disabled with `set_option linter.unusedVariables false`",
   "level": "warning"}],
 "inputs":
 [["ArithmeticHodge.Spectral.TraceFormula:deps",
   [["deps",
     [["ArithmeticHodge/ArithmeticHodge:extraDep",
       [["@ArithmeticHodge:extraDep", "00000000000006bb"]]],
      ["imports",
       [["ArithmeticHodge.Spectral.SpectralPositivity transitive imports (legacy)",
         "afd22a4e521e6ac2"],
        ["ArithmeticHodge.Spectral.SpectralPositivity:importAllArts",
         "34c8046c5e5859a2"],
        ["ArithmeticHodge.Adelic.OrbitalIntegrals transitive imports (legacy)",
         "72a30655db724ed0"],
        ["ArithmeticHodge.Adelic.OrbitalIntegrals:importAllArts",
         "a296d99309b651fe"],
        ["ArithmeticHodge.Analysis.WeilPositivity transitive imports (legacy)",
         "2eb2f116f16dfa84"],
        ["ArithmeticHodge.Analysis.WeilPositivity:importAllArts",
         "2b2a6ebf43c1d191"]]]]],
    ["libs",
     [["import dynlibs", "00000000000006bb"],
      ["package external libraries", "00000000000006bb"],
      ["module dynlibs", "00000000000006bb"],
      ["module plugins", "00000000000006bb"]]]]],
  ["Lean 4.29.0, commit 513160ea59dfd60defec325636bbc5215a8a6e7e",
   "76ce528f9bbd32d8"],
  ["/home/michael/Development/Arithmetic-Hodge/ArithmeticHodge/Spectral/TraceFormula.lean",
   "2dc4ff8d7b945514"],
  ["options", [["-DautoImplicit=false", "4a85acb881fd49d0"]]],
  ["isModule: false", "feefd2a0d3a1847e"],
  ["Module.name: ArithmeticHodge.Spectral.TraceFormula", "5053b736f8d20c6e"],
  ["Package.id?: (some ArithmeticHodge)", "202b60328afc8567"],
  ["Module.leanArgs: #[]", "00000000000006bb"]],
 "depHash": "d5714308101b4390"}