{"synthetic": false,
 "schemaVersion": "2025-09-10",
 "outputs":
 {"o": ["2ecd6f88f6456c2e.olean"],
  "i": "5c015ff32da6e86c.ilean",
  "c": "2e6140a3e06045d0.c"},
 "log":
 [{"message":
   ".> LEAN_PATH=/home/michael/Development/Arithmetic-Hodge/.lake/packages/Cli/.lake/build/lib/lean:/home/michael/Development/Arithmetic-Hodge/.lake/packages/batteries/.lake/build/lib/lean:/home/michael/Development/Arithmetic-Hodge/.lake/packages/Qq/.lake/build/lib/lean:/home/michael/Development/Arithmetic-Hodge/.lake/packages/aesop/.lake/build/lib/lean:/home/michael/Development/Arithmetic-Hodge/.lake/packages/proofwidgets/.lake/build/lib/lean:/home/michael/Development/Arithmetic-Hodge/.lake/packages/importGraph/.lake/build/lib/lean:/home/michael/Development/Arithmetic-Hodge/.lake/packages/LeanSearchClient/.lake/build/lib/lean:/home/michael/Development/Arithmetic-Hodge/.lake/packages/plausible/.lake/build/lib/lean:/home/michael/Development/Arithmetic-Hodge/.lake/packages/mathlib/.lake/build/lib/lean:/home/michael/Development/Arithmetic-Hodge/.lake/build/lib/lean /home/michael/.elan/toolchains/leanprover--lean4---v4.29.0-rc8/bin/lean /home/michael/Development/Arithmetic-Hodge/ArithmeticHodge/Spectral/UnboundedOperator.lean -o /home/michael/Development/Arithmetic-Hodge/.lake/build/lib/lean/ArithmeticHodge/Spectral/UnboundedOperator.olean -i /home/michael/Development/Arithmetic-Hodge/.lake/build/lib/lean/ArithmeticHodge/Spectral/UnboundedOperator.ilean -c /home/michael/Development/Arithmetic-Hodge/.lake/build/ir/ArithmeticHodge/Spectral/UnboundedOperator.c --setup /home/michael/Development/Arithmetic-Hodge/.lake/build/ir/ArithmeticHodge/Spectral/UnboundedOperator.setup.json --json",
   "level": "trace"},
  {"message":
   "ArithmeticHodge/Spectral/UnboundedOperator.lean:58:0: automatically included section variable(s) unused in theorem `ArithmeticHodge.Spectral.UnboundedOperator.IsSelfAdjoint.symmetric`:\n  [CompleteSpace H]\nconsider restructuring your `variable` declarations so that the variables are not in scope or explicitly omit them:\n  omit [CompleteSpace H] in theorem ...\n\nNote: This linter can be disabled with `set_option linter.unusedSectionVars false`",
   "level": "warning"},
  {"message":
   "ArithmeticHodge/Spectral/UnboundedOperator.lean:68:0: automatically included section variable(s) unused in theorem `ArithmeticHodge.Spectral.symmetric_eigenvalue_real`:\n  [CompleteSpace H]\nconsider restructuring your `variable` declarations so that the variables are not in scope or explicitly omit them:\n  omit [CompleteSpace H] in theorem ...\n\nNote: This linter can be disabled with `set_option linter.unusedSectionVars false`",
   "level": "warning"},
  {"message":
   "ArithmeticHodge/Spectral/UnboundedOperator.lean:247:0: automatically included section variable(s) unused in theorem `ArithmeticHodge.Spectral.unitary_adjoint_eq`:\n  [CompleteSpace H]\nconsider restructuring your `variable` declarations so that the variables are not in scope or explicitly omit them:\n  omit [CompleteSpace H] in theorem ...\n\nNote: This linter can be disabled with `set_option linter.unusedSectionVars false`",
   "level": "warning"},
  {"message":
   "ArithmeticHodge/Spectral/UnboundedOperator.lean:342:57: This simp argument is unused:\n  neg_neg\n\nHint: Omit it from the simp argument list.\n  simp only [hskew, map_neg, starRingEnd_apply, neg_mul,̵ ̵n̵e̵g̵_̵n̵e̵g̵]\n\nNote: This linter can be disabled with `set_option linter.unusedSimpArgs false`",
   "level": "warning"},
  {"message":
   "ArithmeticHodge/Spectral/UnboundedOperator.lean:362:8: automatically included section variable(s) unused in theorem `_private.ArithmeticHodge.Spectral.UnboundedOperator.0.ArithmeticHodge.Spectral.domain_invariant`:\n  [CompleteSpace H]\nconsider restructuring your `variable` declarations so that the variables are not in scope or explicitly omit them:\n  omit [CompleteSpace H] in theorem ...\n\nNote: This linter can be disabled with `set_option linter.unusedSectionVars false`",
   "level": "warning"},
  {"message":
   "ArithmeticHodge/Spectral/UnboundedOperator.lean:365:5: unused variable `hzero`\n\nNote: This linter can be disabled with `set_option linter.unusedVariables false`",
   "level": "warning"},
  {"message":
   "ArithmeticHodge/Spectral/UnboundedOperator.lean:392:8: automatically included section variable(s) unused in theorem `_private.ArithmeticHodge.Spectral.UnboundedOperator.0.ArithmeticHodge.Spectral.orbit_hasDerivAt`:\n  [CompleteSpace H]\nconsider restructuring your `variable` declarations so that the variables are not in scope or explicitly omit them:\n  omit [CompleteSpace H] in theorem ...\n\nNote: This linter can be disabled with `set_option linter.unusedSectionVars false`",
   "level": "warning"},
  {"message":
   "ArithmeticHodge/Spectral/UnboundedOperator.lean:420:14: This simp argument is unused:\n  hU0\n\nHint: Omit it from the simp argument list.\n  simp [h0, h̵U̵0̵,̵ ̵sub_self, smul_zero, map_zero]\n\nNote: This linter can be disabled with `set_option linter.unusedSimpArgs false`",
   "level": "warning"},
  {"message":
   "ArithmeticHodge/Spectral/UnboundedOperator.lean:420:29: This simp argument is unused:\n  smul_zero\n\nHint: Omit it from the simp argument list.\n  simp [h0, hU0, sub_self, s̵m̵u̵l̵_̵z̵e̵r̵o̵,̵ ̵map_zero]\n\nNote: This linter can be disabled with `set_option linter.unusedSimpArgs false`",
   "level": "warning"},
  {"message":
   "ArithmeticHodge/Spectral/UnboundedOperator.lean:420:40: This simp argument is unused:\n  map_zero\n\nHint: Omit it from the simp argument list.\n  simp [h0, hU0, sub_self, smul_zero,̵ ̵m̵a̵p̵_̵z̵e̵r̵o̵]\n\nNote: This linter can be disabled with `set_option linter.unusedSimpArgs false`",
   "level": "warning"}],
 "inputs":
 [["ArithmeticHodge.Spectral.UnboundedOperator:deps",
   [["deps",
     [["ArithmeticHodge/ArithmeticHodge:extraDep",
       [["@ArithmeticHodge:extraDep", "00000000000006bb"]]],
      ["imports",
       [["Mathlib.Analysis.InnerProductSpace.Basic transitive imports (legacy)",
         "b4c78787f1a9b815"],
        ["Mathlib.Analysis.InnerProductSpace.Basic:importAllArts",
         "37150adc45312efd"],
        ["Mathlib.Analysis.InnerProductSpace.Adjoint transitive imports (legacy)",
         "d45d68c8b27974f4"],
        ["Mathlib.Analysis.InnerProductSpace.Adjoint:importAllArts",
         "98fccd252a01a58a"],
        ["Mathlib.Analysis.InnerProductSpace.Continuous transitive imports (legacy)",
         "014e0d06ab1ef4cb"],
        ["Mathlib.Analysis.InnerProductSpace.Continuous:importAllArts",
         "a3ce492378baa6ad"],
        ["Mathlib.MeasureTheory.Function.L2Space transitive imports (legacy)",
         "b8febeb26f53a187"],
        ["Mathlib.MeasureTheory.Function.L2Space:importAllArts",
         "58dbac2db0ca5fc6"],
        ["Mathlib.Analysis.InnerProductSpace.Calculus transitive imports (legacy)",
         "b17183c5fe4e4042"],
        ["Mathlib.Analysis.InnerProductSpace.Calculus:importAllArts",
         "b8b09a03a7d8d438"],
        ["Mathlib.Topology.MetricSpace.Basic transitive imports (legacy)",
         "0fd42375bcfdd5a0"],
        ["Mathlib.Topology.MetricSpace.Basic:importAllArts",
         "c84ac53e50bd7c8f"],
        ["Mathlib.Analysis.SpecialFunctions.Complex.Circle transitive imports (legacy)",
         "266fc0c6b718ca8d"],
        ["Mathlib.Analysis.SpecialFunctions.Complex.Circle:importAllArts",
         "8d9621c0b988de82"],
        ["Mathlib.MeasureTheory.Integral.IntervalIntegral.FundThmCalculus transitive imports (legacy)",
         "8fe06a1701d2c150"],
        ["Mathlib.MeasureTheory.Integral.IntervalIntegral.FundThmCalculus:importAllArts",
         "667fb2e91852d4c6"],
        ["Mathlib.Analysis.Calculus.Deriv.Slope transitive imports (legacy)",
         "b04ddd92c3e49ba2"],
        ["Mathlib.Analysis.Calculus.Deriv.Slope:importAllArts",
         "5a113dad4ffbf270"],
        ["Mathlib.Analysis.Calculus.MeanValue transitive imports (legacy)",
         "3e2b3fe2e7927f03"],
        ["Mathlib.Analysis.Calculus.MeanValue:importAllArts",
         "726f07c401296836"]]]]],
    ["libs",
     [["import dynlibs", "00000000000006bb"],
      ["package external libraries", "00000000000006bb"],
      ["module dynlibs", "00000000000006bb"],
      ["module plugins", "00000000000006bb"]]]]],
  ["Lean 4.29.0, commit 513160ea59dfd60defec325636bbc5215a8a6e7e",
   "76ce528f9bbd32d8"],
  ["/home/michael/Development/Arithmetic-Hodge/ArithmeticHodge/Spectral/UnboundedOperator.lean",
   "e1218284e1bf7b67"],
  ["options", [["-DautoImplicit=false", "4a85acb881fd49d0"]]],
  ["isModule: false", "feefd2a0d3a1847e"],
  ["Module.name: ArithmeticHodge.Spectral.UnboundedOperator",
   "84d431c7f09a57f6"],
  ["Package.id?: (some ArithmeticHodge)", "202b60328afc8567"],
  ["Module.leanArgs: #[]", "00000000000006bb"]],
 "depHash": "f12d229501c13d1b"}